#
# There is insufficient memory for the Java Runtime Environment to continue.
# Native memory allocation (malloc) failed to allocate 494048 bytes for Chunk::new
# Possible reasons:
#   The system is out of physical RAM or swap space
#   The process is running with CompressedOops enabled, and the Java Heap may be blocking the growth of the native heap
# Possible solutions:
#   Reduce memory load on the system
#   Increase physical memory or swap space
#   Check if swap backing store is full
#   Decrease Java heap size (-Xmx/-Xms)
#   Decrease number of Java threads
#   Decrease Java thread stack sizes (-Xss)
#   Set larger code cache with -XX:ReservedCodeCacheSize=
#   JVM is running with Unscaled Compressed Oops mode in which the Java heap is
#     placed in the first 4GB address space. The Java Heap base address is the
#     maximum limit for the native heap growth. Please use -XX:HeapBaseMinAddress
#     to set the Java Heap base and to place the Java Heap above 4GB virtual address.
# This output file may be truncated or incomplete.
#
#  Out of Memory Error (arena.cpp:191), pid=2336, tid=21104
#
# JRE version: OpenJDK Runtime Environment JBR-17.0.9+7-1087.11-jcef (17.0.9+7) (build 17.0.9+7-b1087.11)
# Java VM: OpenJDK 64-Bit Server VM JBR-17.0.9+7-1087.11-jcef (17.0.9+7-b1087.11, mixed mode, tiered, compressed oops, compressed class ptrs, g1 gc, windows-amd64)
# No core dump will be written. Minidumps are not enabled by default on client versions of Windows
#

---------------  S U M M A R Y ------------

Command Line: -Djava.rmi.server.hostname=127.0.0.1 -Duser.timezone=UTC -Xmx2048m -Xms256m -Djdbc.classpath=C:\Program Files\JetBrains\PyCharm 2023.3.3\plugins\DatabaseTools\lib\jdbc-console.jar;C:\Users\TUF GAMING\AppData\Roaming\JetBrains\PyCharm2023.3\jdbc-drivers\MySQL ConnectorJ\8.2.0\com\mysql\mysql-connector-j\8.2.0\mysql-connector-j-8.2.0.jar;C:\Users\TUF GAMING\AppData\Roaming\JetBrains\PyCharm2023.3\jdbc-drivers\MySQL ConnectorJ\8.2.0\com\google\protobuf\protobuf-java\3.21.9\protobuf-java-3.21.9.jar --add-exports=java.desktop/sun.awt=ALL-UNNAMED --add-exports=java.desktop/java.awt.peer=ALL-UNNAMED --add-opens=java.desktop/java.awt=ALL-UNNAMED --add-opens=jdk.unsupported/sun.misc=ALL-UNNAMED --add-opens=java.base/java.nio=ALL-UNNAMED --add-opens=java.base/java.util=ALL-UNNAMED -Dfile.encoding=UTF-8 com.intellij.database.remote.RemoteJdbcServer com.mysql.cj.jdbc.Driver

Host: 11th Gen Intel(R) Core(TM) i7-11800H @ 2.30GHz, 16 cores, 15G,  Windows 10 , 64 bit Build 19041 (10.0.19041.3636)
Time: Sat Jun 29 18:02:32 2024 Iran Standard Time elapsed time: 2307.358836 seconds (0d 0h 38m 27s)

---------------  T H R E A D  ---------------

Current thread (0x000002aa19e05a40):  JavaThread "C2 CompilerThread0" daemon [_thread_in_native, id=21104, stack(0x000000d54e800000,0x000000d54e900000)]


Current CompileTask:
C2:2307358 4289   !   4       com.mysql.cj.jdbc.result.ResultSetImpl::next (110 bytes)

Stack: [0x000000d54e800000,0x000000d54e900000]
Native frames: (J=compiled Java code, j=interpreted, Vv=VM code, C=native code)
V  [jvm.dll+0x688349]
V  [jvm.dll+0x841bfa]
V  [jvm.dll+0x84383e]
V  [jvm.dll+0x843ea3]
V  [jvm.dll+0x24bdef]
V  [jvm.dll+0xac44c]
V  [jvm.dll+0xaca9c]
V  [jvm.dll+0x36be77]
V  [jvm.dll+0x33619a]
V  [jvm.dll+0x33563a]
V  [jvm.dll+0x21da61]
V  [jvm.dll+0x21ce81]
V  [jvm.dll+0x1a66dd]
V  [jvm.dll+0x22cd28]
V  [jvm.dll+0x22ae60]
V  [jvm.dll+0x7f6087]
V  [jvm.dll+0x7f043a]
V  [jvm.dll+0x6871c5]
C  [ucrtbase.dll+0x21bb2]
C  [KERNEL32.DLL+0x17344]
C  [ntdll.dll+0x526b1]


---------------  P R O C E S S  ---------------

Threads class SMR info:
_java_thread_list=0x000002aa20ab0060, length=22, elements={
0x000002aa7d72bfa0, 0x000002aa19e18260, 0x000002aa19e18d30, 0x000002aa19e01310,
0x000002aa19e03bf0, 0x000002aa19e044c0, 0x000002aa19e04d90, 0x000002aa19e05a40,
0x000002aa1a5684c0, 0x000002aa1a56ade0, 0x000002aa1a77bb30, 0x000002aa1a77e430,
0x000002aa1a895f20, 0x000002aa1f2839c0, 0x000002aa1f2ec7c0, 0x000002aa1a79f6a0,
0x000002aa1a7a0390, 0x000002aa1f46bae0, 0x000002aa1f4ce8a0, 0x000002aa1f4cf2c0,
0x000002aa1f4cd460, 0x000002aa1f4cedb0
}

Java Threads: ( => current thread )
  0x000002aa7d72bfa0 JavaThread "main" [_thread_blocked, id=7748, stack(0x000000d54db00000,0x000000d54dc00000)]
  0x000002aa19e18260 JavaThread "Reference Handler" daemon [_thread_blocked, id=20004, stack(0x000000d54e200000,0x000000d54e300000)]
  0x000002aa19e18d30 JavaThread "Finalizer" daemon [_thread_blocked, id=2544, stack(0x000000d54e300000,0x000000d54e400000)]
  0x000002aa19e01310 JavaThread "Signal Dispatcher" daemon [_thread_blocked, id=5824, stack(0x000000d54e400000,0x000000d54e500000)]
  0x000002aa19e03bf0 JavaThread "Attach Listener" daemon [_thread_blocked, id=24180, stack(0x000000d54e500000,0x000000d54e600000)]
  0x000002aa19e044c0 JavaThread "Service Thread" daemon [_thread_blocked, id=14480, stack(0x000000d54e600000,0x000000d54e700000)]
  0x000002aa19e04d90 JavaThread "Monitor Deflation Thread" daemon [_thread_blocked, id=22364, stack(0x000000d54e700000,0x000000d54e800000)]
=>0x000002aa19e05a40 JavaThread "C2 CompilerThread0" daemon [_thread_in_native, id=21104, stack(0x000000d54e800000,0x000000d54e900000)]
  0x000002aa1a5684c0 JavaThread "C1 CompilerThread0" daemon [_thread_blocked, id=23140, stack(0x000000d54e900000,0x000000d54ea00000)]
  0x000002aa1a56ade0 JavaThread "Sweeper thread" daemon [_thread_blocked, id=15604, stack(0x000000d54ea00000,0x000000d54eb00000)]
  0x000002aa1a77bb30 JavaThread "Common-Cleaner" daemon [_thread_blocked, id=10280, stack(0x000000d54ed00000,0x000000d54ee00000)]
  0x000002aa1a77e430 JavaThread "Notification Thread" daemon [_thread_blocked, id=6988, stack(0x000000d54ee00000,0x000000d54ef00000)]
  0x000002aa1a895f20 JavaThread "mysql-cj-abandoned-connection-cleanup" daemon [_thread_blocked, id=23696, stack(0x000000d54f100000,0x000000d54f200000)]
  0x000002aa1f2839c0 JavaThread "RMI TCP Accept-51039" daemon [_thread_in_native, id=24940, stack(0x000000d54f200000,0x000000d54f300000)]
  0x000002aa1f2ec7c0 JavaThread "RMI TCP Accept-0" daemon [_thread_in_native, id=14584, stack(0x000000d54f300000,0x000000d54f400000)]
  0x000002aa1a79f6a0 JavaThread "RMI Reaper" [_thread_blocked, id=2212, stack(0x000000d54f400000,0x000000d54f500000)]
  0x000002aa1a7a0390 JavaThread "RMI GC Daemon" daemon [_thread_blocked, id=7436, stack(0x000000d54f500000,0x000000d54f600000)]
  0x000002aa1f46bae0 JavaThread "RMI TCP Connection(1)-127.0.0.1" daemon [_thread_in_native, id=11900, stack(0x000000d54f600000,0x000000d54f700000)]
  0x000002aa1f4ce8a0 JavaThread "RMI Scheduler(0)" daemon [_thread_blocked, id=17692, stack(0x000000d54f800000,0x000000d54f900000)]
  0x000002aa1f4cf2c0 JavaThread "RMI TCP Connection(3)-127.0.0.1" daemon [_thread_in_native, id=10324, stack(0x000000d54f900000,0x000000d54fa00000)]
  0x000002aa1f4cd460 JavaThread "RMI RenewClean-[127.0.0.1:10703]" daemon [_thread_blocked, id=10344, stack(0x000000d54fb00000,0x000000d54fc00000)]
  0x000002aa1f4cedb0 JavaThread "RMI TCP Connection(8)-127.0.0.1" daemon [_thread_in_native, id=21012, stack(0x000000d54d800000,0x000000d54d900000)]

Other Threads:
  0x000002aa1a5405e0 VMThread "VM Thread" [stack: 0x000000d54e100000,0x000000d54e200000] [id=17924]
  0x000002aa1a719660 WatcherThread [stack: 0x000000d54ef00000,0x000000d54f000000] [id=26104]
  0x000002aa7d83da50 GCTaskThread "GC Thread#0" [stack: 0x000000d54dc00000,0x000000d54dd00000] [id=25016]
  0x000002aa1f576870 GCTaskThread "GC Thread#1" [stack: 0x000000d54fd00000,0x000000d54fe00000] [id=20628]
  0x000002aa1f57bb90 GCTaskThread "GC Thread#2" [stack: 0x000000d54fe00000,0x000000d54ff00000] [id=20632]
  0x000002aa1f9b2e50 GCTaskThread "GC Thread#3" [stack: 0x000000d54ff00000,0x000000d550000000] [id=20688]
  0x000002aa1f7c7470 GCTaskThread "GC Thread#4" [stack: 0x000000d550000000,0x000000d550100000] [id=20660]
  0x000002aa1f856bb0 GCTaskThread "GC Thread#5" [stack: 0x000000d550100000,0x000000d550200000] [id=20676]
  0x000002aa1fdb1f40 GCTaskThread "GC Thread#6" [stack: 0x000000d550200000,0x000000d550300000] [id=20668]
  0x000002aa1f9453f0 GCTaskThread "GC Thread#7" [stack: 0x000000d550300000,0x000000d550400000] [id=20508]
  0x000002aa1f9456b0 GCTaskThread "GC Thread#8" [stack: 0x000000d550400000,0x000000d550500000] [id=20736]
  0x000002aa1f946580 GCTaskThread "GC Thread#9" [stack: 0x000000d550500000,0x000000d550600000] [id=17776]
  0x000002aa1f948070 GCTaskThread "GC Thread#10" [stack: 0x000000d550600000,0x000000d550700000] [id=20780]
  0x000002aa1f280a90 GCTaskThread "GC Thread#11" [stack: 0x000000d550700000,0x000000d550800000] [id=20280]
  0x000002aa1fffc500 GCTaskThread "GC Thread#12" [stack: 0x000000d54d900000,0x000000d54da00000] [id=23068]
  0x000002aa7d84f8c0 ConcurrentGCThread "G1 Main Marker" [stack: 0x000000d54dd00000,0x000000d54de00000] [id=25560]
  0x000002aa7d8501f0 ConcurrentGCThread "G1 Conc#0" [stack: 0x000000d54de00000,0x000000d54df00000] [id=22864]
  0x000002aa1fbcaa40 ConcurrentGCThread "G1 Conc#1" [stack: 0x000000d550800000,0x000000d550900000] [id=20868]
  0x000002aa1f59bca0 ConcurrentGCThread "G1 Conc#2" [stack: 0x000000d550900000,0x000000d550a00000] [id=20484]
  0x000002aa7d89e010 ConcurrentGCThread "G1 Refine#0" [stack: 0x000000d54df00000,0x000000d54e000000] [id=6660]
  0x000002aa7d89e950 ConcurrentGCThread "G1 Service" [stack: 0x000000d54e000000,0x000000d54e100000] [id=17180]

Threads with active compile tasks:
C2 CompilerThread0  2307369 4289   !   4       com.mysql.cj.jdbc.result.ResultSetImpl::next (110 bytes)

VM state: not at safepoint (normal execution)

VM Mutex/Monitor currently owned by a thread: None

Heap address: 0x0000000080000000, size: 2048 MB, Compressed Oops mode: 32-bit

CDS archive(s) not mapped
Compressed class space mapped at: 0x0000000100000000-0x0000000140000000, reserved size: 1073741824
Narrow klass base: 0x0000000000000000, Narrow klass shift: 3, Narrow klass range: 0x140000000

GC Precious Log:
 CPUs: 16 total, 16 available
 Memory: 16106M
 Large Page Support: Disabled
 NUMA Support: Disabled
 Compressed Oops: Enabled (32-bit)
 Heap Region Size: 1M
 Heap Min Capacity: 256M
 Heap Initial Capacity: 256M
 Heap Max Capacity: 2G
 Pre-touch: Disabled
 Parallel Workers: 13
 Concurrent Workers: 3
 Concurrent Refinement Workers: 13
 Periodic GC: Disabled

Heap:
 garbage-first heap   total 262144K, used 133689K [0x0000000080000000, 0x0000000100000000)
  region size 1024K, 125 young (128000K), 3 survivors (3072K)
 Metaspace       used 26421K, committed 26880K, reserved 1114112K
  class space    used 2710K, committed 2944K, reserved 1048576K

Heap Regions: E=young(eden), S=young(survivor), O=old, HS=humongous(starts), HC=humongous(continues), CS=collection set, F=free, OA=open archive, CA=closed archive, TAMS=top-at-mark-start (previous, next)
|   0|0x0000000080000000, 0x0000000080100000, 0x0000000080100000|100%|HS|  |TAMS 0x0000000080100000, 0x0000000080000000| Complete 
|   1|0x0000000080100000, 0x0000000080200000, 0x0000000080200000|100%|HC|  |TAMS 0x0000000080200000, 0x0000000080100000| Complete 
|   2|0x0000000080200000, 0x0000000080300000, 0x0000000080300000|100%| O|  |TAMS 0x0000000080300000, 0x0000000080200000| Untracked 
|   3|0x0000000080300000, 0x0000000080400000, 0x0000000080400000|100%| O|  |TAMS 0x0000000080400000, 0x0000000080300000| Untracked 
|   4|0x0000000080400000, 0x0000000080500000, 0x0000000080500000|100%| O|  |TAMS 0x0000000080415c00, 0x0000000080400000| Untracked 
|   5|0x0000000080500000, 0x0000000080600000, 0x0000000080600000|100%| O|  |TAMS 0x0000000080500000, 0x0000000080500000| Untracked 
|   6|0x0000000080600000, 0x0000000080700000, 0x0000000080700000|100%| O|  |TAMS 0x0000000080600000, 0x0000000080600000| Untracked 
|   7|0x0000000080700000, 0x0000000080747200, 0x0000000080800000| 27%| O|  |TAMS 0x0000000080700000, 0x0000000080700000| Untracked 
|   8|0x0000000080800000, 0x0000000080800000, 0x0000000080900000|  0%| F|  |TAMS 0x0000000080800000, 0x0000000080800000| Untracked 
|   9|0x0000000080900000, 0x0000000080900000, 0x0000000080a00000|  0%| F|  |TAMS 0x0000000080900000, 0x0000000080900000| Untracked 
|  10|0x0000000080a00000, 0x0000000080a00000, 0x0000000080b00000|  0%| F|  |TAMS 0x0000000080a00000, 0x0000000080a00000| Untracked 
|  11|0x0000000080b00000, 0x0000000080b00000, 0x0000000080c00000|  0%| F|  |TAMS 0x0000000080b00000, 0x0000000080b00000| Untracked 
|  12|0x0000000080c00000, 0x0000000080c00000, 0x0000000080d00000|  0%| F|  |TAMS 0x0000000080c00000, 0x0000000080c00000| Untracked 
|  13|0x0000000080d00000, 0x0000000080d00000, 0x0000000080e00000|  0%| F|  |TAMS 0x0000000080d00000, 0x0000000080d00000| Untracked 
|  14|0x0000000080e00000, 0x0000000080e00000, 0x0000000080f00000|  0%| F|  |TAMS 0x0000000080e00000, 0x0000000080e00000| Untracked 
|  15|0x0000000080f00000, 0x0000000080f00000, 0x0000000081000000|  0%| F|  |TAMS 0x0000000080f00000, 0x0000000080f00000| Untracked 
|  16|0x0000000081000000, 0x0000000081000000, 0x0000000081100000|  0%| F|  |TAMS 0x0000000081000000, 0x0000000081000000| Untracked 
|  17|0x0000000081100000, 0x0000000081100000, 0x0000000081200000|  0%| F|  |TAMS 0x0000000081100000, 0x0000000081100000| Untracked 
|  18|0x0000000081200000, 0x0000000081200000, 0x0000000081300000|  0%| F|  |TAMS 0x0000000081200000, 0x0000000081200000| Untracked 
|  19|0x0000000081300000, 0x0000000081300000, 0x0000000081400000|  0%| F|  |TAMS 0x0000000081300000, 0x0000000081300000| Untracked 
|  20|0x0000000081400000, 0x0000000081400000, 0x0000000081500000|  0%| F|  |TAMS 0x0000000081400000, 0x0000000081400000| Untracked 
|  21|0x0000000081500000, 0x0000000081500000, 0x0000000081600000|  0%| F|  |TAMS 0x0000000081500000, 0x0000000081500000| Untracked 
|  22|0x0000000081600000, 0x0000000081600000, 0x0000000081700000|  0%| F|  |TAMS 0x0000000081600000, 0x0000000081600000| Untracked 
|  23|0x0000000081700000, 0x0000000081700000, 0x0000000081800000|  0%| F|  |TAMS 0x0000000081700000, 0x0000000081700000| Untracked 
|  24|0x0000000081800000, 0x0000000081800000, 0x0000000081900000|  0%| F|  |TAMS 0x0000000081800000, 0x0000000081800000| Untracked 
|  25|0x0000000081900000, 0x0000000081900000, 0x0000000081a00000|  0%| F|  |TAMS 0x0000000081900000, 0x0000000081900000| Untracked 
|  26|0x0000000081a00000, 0x0000000081a00000, 0x0000000081b00000|  0%| F|  |TAMS 0x0000000081a00000, 0x0000000081a00000| Untracked 
|  27|0x0000000081b00000, 0x0000000081b00000, 0x0000000081c00000|  0%| F|  |TAMS 0x0000000081b00000, 0x0000000081b00000| Untracked 
|  28|0x0000000081c00000, 0x0000000081c00000, 0x0000000081d00000|  0%| F|  |TAMS 0x0000000081c00000, 0x0000000081c00000| Untracked 
|  29|0x0000000081d00000, 0x0000000081d00000, 0x0000000081e00000|  0%| F|  |TAMS 0x0000000081d00000, 0x0000000081d00000| Untracked 
|  30|0x0000000081e00000, 0x0000000081e00000, 0x0000000081f00000|  0%| F|  |TAMS 0x0000000081e00000, 0x0000000081e00000| Untracked 
|  31|0x0000000081f00000, 0x0000000081f00000, 0x0000000082000000|  0%| F|  |TAMS 0x0000000081f00000, 0x0000000081f00000| Untracked 
|  32|0x0000000082000000, 0x0000000082000000, 0x0000000082100000|  0%| F|  |TAMS 0x0000000082000000, 0x0000000082000000| Untracked 
|  33|0x0000000082100000, 0x0000000082100000, 0x0000000082200000|  0%| F|  |TAMS 0x0000000082100000, 0x0000000082100000| Untracked 
|  34|0x0000000082200000, 0x0000000082200000, 0x0000000082300000|  0%| F|  |TAMS 0x0000000082200000, 0x0000000082200000| Untracked 
|  35|0x0000000082300000, 0x0000000082300000, 0x0000000082400000|  0%| F|  |TAMS 0x0000000082300000, 0x0000000082300000| Untracked 
|  36|0x0000000082400000, 0x0000000082400000, 0x0000000082500000|  0%| F|  |TAMS 0x0000000082400000, 0x0000000082400000| Untracked 
|  37|0x0000000082500000, 0x0000000082500000, 0x0000000082600000|  0%| F|  |TAMS 0x0000000082500000, 0x0000000082500000| Untracked 
|  38|0x0000000082600000, 0x0000000082600000, 0x0000000082700000|  0%| F|  |TAMS 0x0000000082600000, 0x0000000082600000| Untracked 
|  39|0x0000000082700000, 0x0000000082700000, 0x0000000082800000|  0%| F|  |TAMS 0x0000000082700000, 0x0000000082700000| Untracked 
|  40|0x0000000082800000, 0x0000000082800000, 0x0000000082900000|  0%| F|  |TAMS 0x0000000082800000, 0x0000000082800000| Untracked 
|  41|0x0000000082900000, 0x0000000082900000, 0x0000000082a00000|  0%| F|  |TAMS 0x0000000082900000, 0x0000000082900000| Untracked 
|  42|0x0000000082a00000, 0x0000000082a00000, 0x0000000082b00000|  0%| F|  |TAMS 0x0000000082a00000, 0x0000000082a00000| Untracked 
|  43|0x0000000082b00000, 0x0000000082b00000, 0x0000000082c00000|  0%| F|  |TAMS 0x0000000082b00000, 0x0000000082b00000| Untracked 
|  44|0x0000000082c00000, 0x0000000082c00000, 0x0000000082d00000|  0%| F|  |TAMS 0x0000000082c00000, 0x0000000082c00000| Untracked 
|  45|0x0000000082d00000, 0x0000000082d00000, 0x0000000082e00000|  0%| F|  |TAMS 0x0000000082d00000, 0x0000000082d00000| Untracked 
|  46|0x0000000082e00000, 0x0000000082e00000, 0x0000000082f00000|  0%| F|  |TAMS 0x0000000082e00000, 0x0000000082e00000| Untracked 
|  47|0x0000000082f00000, 0x0000000082f00000, 0x0000000083000000|  0%| F|  |TAMS 0x0000000082f00000, 0x0000000082f00000| Untracked 
|  48|0x0000000083000000, 0x0000000083000000, 0x0000000083100000|  0%| F|  |TAMS 0x0000000083000000, 0x0000000083000000| Untracked 
|  49|0x0000000083100000, 0x0000000083100000, 0x0000000083200000|  0%| F|  |TAMS 0x0000000083100000, 0x0000000083100000| Untracked 
|  50|0x0000000083200000, 0x0000000083200000, 0x0000000083300000|  0%| F|  |TAMS 0x0000000083200000, 0x0000000083200000| Untracked 
|  51|0x0000000083300000, 0x0000000083300000, 0x0000000083400000|  0%| F|  |TAMS 0x0000000083300000, 0x0000000083300000| Untracked 
|  52|0x0000000083400000, 0x0000000083400000, 0x0000000083500000|  0%| F|  |TAMS 0x0000000083400000, 0x0000000083400000| Untracked 
|  53|0x0000000083500000, 0x0000000083500000, 0x0000000083600000|  0%| F|  |TAMS 0x0000000083500000, 0x0000000083500000| Untracked 
|  54|0x0000000083600000, 0x0000000083600000, 0x0000000083700000|  0%| F|  |TAMS 0x0000000083600000, 0x0000000083600000| Untracked 
|  55|0x0000000083700000, 0x0000000083700000, 0x0000000083800000|  0%| F|  |TAMS 0x0000000083700000, 0x0000000083700000| Untracked 
|  56|0x0000000083800000, 0x0000000083800000, 0x0000000083900000|  0%| F|  |TAMS 0x0000000083800000, 0x0000000083800000| Untracked 
|  57|0x0000000083900000, 0x0000000083900000, 0x0000000083a00000|  0%| F|  |TAMS 0x0000000083900000, 0x0000000083900000| Untracked 
|  58|0x0000000083a00000, 0x0000000083a00000, 0x0000000083b00000|  0%| F|  |TAMS 0x0000000083a00000, 0x0000000083a00000| Untracked 
|  59|0x0000000083b00000, 0x0000000083b00000, 0x0000000083c00000|  0%| F|  |TAMS 0x0000000083b00000, 0x0000000083b00000| Untracked 
|  60|0x0000000083c00000, 0x0000000083c00000, 0x0000000083d00000|  0%| F|  |TAMS 0x0000000083c00000, 0x0000000083c00000| Untracked 
|  61|0x0000000083d00000, 0x0000000083d00000, 0x0000000083e00000|  0%| F|  |TAMS 0x0000000083d00000, 0x0000000083d00000| Untracked 
|  62|0x0000000083e00000, 0x0000000083e00000, 0x0000000083f00000|  0%| F|  |TAMS 0x0000000083e00000, 0x0000000083e00000| Untracked 
|  63|0x0000000083f00000, 0x0000000083f00000, 0x0000000084000000|  0%| F|  |TAMS 0x0000000083f00000, 0x0000000083f00000| Untracked 
|  64|0x0000000084000000, 0x0000000084000000, 0x0000000084100000|  0%| F|  |TAMS 0x0000000084000000, 0x0000000084000000| Untracked 
|  65|0x0000000084100000, 0x0000000084100000, 0x0000000084200000|  0%| F|  |TAMS 0x0000000084100000, 0x0000000084100000| Untracked 
|  66|0x0000000084200000, 0x0000000084200000, 0x0000000084300000|  0%| F|  |TAMS 0x0000000084200000, 0x0000000084200000| Untracked 
|  67|0x0000000084300000, 0x0000000084300000, 0x0000000084400000|  0%| F|  |TAMS 0x0000000084300000, 0x0000000084300000| Untracked 
|  68|0x0000000084400000, 0x0000000084400000, 0x0000000084500000|  0%| F|  |TAMS 0x0000000084400000, 0x0000000084400000| Untracked 
|  69|0x0000000084500000, 0x0000000084500000, 0x0000000084600000|  0%| F|  |TAMS 0x0000000084500000, 0x0000000084500000| Untracked 
|  70|0x0000000084600000, 0x0000000084600000, 0x0000000084700000|  0%| F|  |TAMS 0x0000000084600000, 0x0000000084600000| Untracked 
|  71|0x0000000084700000, 0x0000000084700000, 0x0000000084800000|  0%| F|  |TAMS 0x0000000084700000, 0x0000000084700000| Untracked 
|  72|0x0000000084800000, 0x0000000084800000, 0x0000000084900000|  0%| F|  |TAMS 0x0000000084800000, 0x0000000084800000| Untracked 
|  73|0x0000000084900000, 0x0000000084900000, 0x0000000084a00000|  0%| F|  |TAMS 0x0000000084900000, 0x0000000084900000| Untracked 
|  74|0x0000000084a00000, 0x0000000084a00000, 0x0000000084b00000|  0%| F|  |TAMS 0x0000000084a00000, 0x0000000084a00000| Untracked 
|  75|0x0000000084b00000, 0x0000000084b00000, 0x0000000084c00000|  0%| F|  |TAMS 0x0000000084b00000, 0x0000000084b00000| Untracked 
|  76|0x0000000084c00000, 0x0000000084c00000, 0x0000000084d00000|  0%| F|  |TAMS 0x0000000084c00000, 0x0000000084c00000| Untracked 
|  77|0x0000000084d00000, 0x0000000084d00000, 0x0000000084e00000|  0%| F|  |TAMS 0x0000000084d00000, 0x0000000084d00000| Untracked 
|  78|0x0000000084e00000, 0x0000000084e00000, 0x0000000084f00000|  0%| F|  |TAMS 0x0000000084e00000, 0x0000000084e00000| Untracked 
|  79|0x0000000084f00000, 0x0000000084f00000, 0x0000000085000000|  0%| F|  |TAMS 0x0000000084f00000, 0x0000000084f00000| Untracked 
|  80|0x0000000085000000, 0x0000000085000000, 0x0000000085100000|  0%| F|  |TAMS 0x0000000085000000, 0x0000000085000000| Untracked 
|  81|0x0000000085100000, 0x0000000085100000, 0x0000000085200000|  0%| F|  |TAMS 0x0000000085100000, 0x0000000085100000| Untracked 
|  82|0x0000000085200000, 0x0000000085200000, 0x0000000085300000|  0%| F|  |TAMS 0x0000000085200000, 0x0000000085200000| Untracked 
|  83|0x0000000085300000, 0x0000000085300000, 0x0000000085400000|  0%| F|  |TAMS 0x0000000085300000, 0x0000000085300000| Untracked 
|  84|0x0000000085400000, 0x0000000085400000, 0x0000000085500000|  0%| F|  |TAMS 0x0000000085400000, 0x0000000085400000| Untracked 
|  85|0x0000000085500000, 0x0000000085500000, 0x0000000085600000|  0%| F|  |TAMS 0x0000000085500000, 0x0000000085500000| Untracked 
|  86|0x0000000085600000, 0x0000000085600000, 0x0000000085700000|  0%| F|  |TAMS 0x0000000085600000, 0x0000000085600000| Untracked 
|  87|0x0000000085700000, 0x0000000085700000, 0x0000000085800000|  0%| F|  |TAMS 0x0000000085700000, 0x0000000085700000| Untracked 
|  88|0x0000000085800000, 0x0000000085800000, 0x0000000085900000|  0%| F|  |TAMS 0x0000000085800000, 0x0000000085800000| Untracked 
|  89|0x0000000085900000, 0x0000000085900000, 0x0000000085a00000|  0%| F|  |TAMS 0x0000000085900000, 0x0000000085900000| Untracked 
|  90|0x0000000085a00000, 0x0000000085a00000, 0x0000000085b00000|  0%| F|  |TAMS 0x0000000085a00000, 0x0000000085a00000| Untracked 
|  91|0x0000000085b00000, 0x0000000085b00000, 0x0000000085c00000|  0%| F|  |TAMS 0x0000000085b00000, 0x0000000085b00000| Untracked 
|  92|0x0000000085c00000, 0x0000000085c00000, 0x0000000085d00000|  0%| F|  |TAMS 0x0000000085c00000, 0x0000000085c00000| Untracked 
|  93|0x0000000085d00000, 0x0000000085d00000, 0x0000000085e00000|  0%| F|  |TAMS 0x0000000085d00000, 0x0000000085d00000| Untracked 
|  94|0x0000000085e00000, 0x0000000085e00000, 0x0000000085f00000|  0%| F|  |TAMS 0x0000000085e00000, 0x0000000085e00000| Untracked 
|  95|0x0000000085f00000, 0x0000000085f00000, 0x0000000086000000|  0%| F|  |TAMS 0x0000000085f00000, 0x0000000085f00000| Untracked 
|  96|0x0000000086000000, 0x0000000086000000, 0x0000000086100000|  0%| F|  |TAMS 0x0000000086000000, 0x0000000086000000| Untracked 
|  97|0x0000000086100000, 0x0000000086100000, 0x0000000086200000|  0%| F|  |TAMS 0x0000000086100000, 0x0000000086100000| Untracked 
|  98|0x0000000086200000, 0x0000000086200000, 0x0000000086300000|  0%| F|  |TAMS 0x0000000086200000, 0x0000000086200000| Untracked 
|  99|0x0000000086300000, 0x0000000086300000, 0x0000000086400000|  0%| F|  |TAMS 0x0000000086300000, 0x0000000086300000| Untracked 
| 100|0x0000000086400000, 0x0000000086400000, 0x0000000086500000|  0%| F|  |TAMS 0x0000000086400000, 0x0000000086400000| Untracked 
| 101|0x0000000086500000, 0x0000000086500000, 0x0000000086600000|  0%| F|  |TAMS 0x0000000086500000, 0x0000000086500000| Untracked 
| 102|0x0000000086600000, 0x0000000086600000, 0x0000000086700000|  0%| F|  |TAMS 0x0000000086600000, 0x0000000086600000| Untracked 
| 103|0x0000000086700000, 0x0000000086700000, 0x0000000086800000|  0%| F|  |TAMS 0x0000000086700000, 0x0000000086700000| Untracked 
| 104|0x0000000086800000, 0x0000000086800000, 0x0000000086900000|  0%| F|  |TAMS 0x0000000086800000, 0x0000000086800000| Untracked 
| 105|0x0000000086900000, 0x0000000086900000, 0x0000000086a00000|  0%| F|  |TAMS 0x0000000086900000, 0x0000000086900000| Untracked 
| 106|0x0000000086a00000, 0x0000000086a00000, 0x0000000086b00000|  0%| F|  |TAMS 0x0000000086a00000, 0x0000000086a00000| Untracked 
| 107|0x0000000086b00000, 0x0000000086b00000, 0x0000000086c00000|  0%| F|  |TAMS 0x0000000086b00000, 0x0000000086b00000| Untracked 
| 108|0x0000000086c00000, 0x0000000086c00000, 0x0000000086d00000|  0%| F|  |TAMS 0x0000000086c00000, 0x0000000086c00000| Untracked 
| 109|0x0000000086d00000, 0x0000000086d00000, 0x0000000086e00000|  0%| F|  |TAMS 0x0000000086d00000, 0x0000000086d00000| Untracked 
| 110|0x0000000086e00000, 0x0000000086e00000, 0x0000000086f00000|  0%| F|  |TAMS 0x0000000086e00000, 0x0000000086e00000| Untracked 
| 111|0x0000000086f00000, 0x0000000086f00000, 0x0000000087000000|  0%| F|  |TAMS 0x0000000086f00000, 0x0000000086f00000| Untracked 
| 112|0x0000000087000000, 0x0000000087000000, 0x0000000087100000|  0%| F|  |TAMS 0x0000000087000000, 0x0000000087000000| Untracked 
| 113|0x0000000087100000, 0x0000000087100000, 0x0000000087200000|  0%| F|  |TAMS 0x0000000087100000, 0x0000000087100000| Untracked 
| 114|0x0000000087200000, 0x0000000087200000, 0x0000000087300000|  0%| F|  |TAMS 0x0000000087200000, 0x0000000087200000| Untracked 
| 115|0x0000000087300000, 0x0000000087300000, 0x0000000087400000|  0%| F|  |TAMS 0x0000000087300000, 0x0000000087300000| Untracked 
| 116|0x0000000087400000, 0x0000000087400000, 0x0000000087500000|  0%| F|  |TAMS 0x0000000087400000, 0x0000000087400000| Untracked 
| 117|0x0000000087500000, 0x0000000087500000, 0x0000000087600000|  0%| F|  |TAMS 0x0000000087500000, 0x0000000087500000| Untracked 
| 118|0x0000000087600000, 0x0000000087600000, 0x0000000087700000|  0%| F|  |TAMS 0x0000000087600000, 0x0000000087600000| Untracked 
| 119|0x0000000087700000, 0x0000000087700000, 0x0000000087800000|  0%| F|  |TAMS 0x0000000087700000, 0x0000000087700000| Untracked 
| 120|0x0000000087800000, 0x0000000087800000, 0x0000000087900000|  0%| F|  |TAMS 0x0000000087800000, 0x0000000087800000| Untracked 
| 121|0x0000000087900000, 0x0000000087900000, 0x0000000087a00000|  0%| F|  |TAMS 0x0000000087900000, 0x0000000087900000| Untracked 
| 122|0x0000000087a00000, 0x0000000087a00000, 0x0000000087b00000|  0%| F|  |TAMS 0x0000000087a00000, 0x0000000087a00000| Untracked 
| 123|0x0000000087b00000, 0x0000000087b00000, 0x0000000087c00000|  0%| F|  |TAMS 0x0000000087b00000, 0x0000000087b00000| Untracked 
| 124|0x0000000087c00000, 0x0000000087c00000, 0x0000000087d00000|  0%| F|  |TAMS 0x0000000087c00000, 0x0000000087c00000| Untracked 
| 125|0x0000000087d00000, 0x0000000087d00000, 0x0000000087e00000|  0%| F|  |TAMS 0x0000000087d00000, 0x0000000087d00000| Untracked 
| 126|0x0000000087e00000, 0x0000000087e00000, 0x0000000087f00000|  0%| F|  |TAMS 0x0000000087e00000, 0x0000000087e00000| Untracked 
| 127|0x0000000087f00000, 0x0000000087f00000, 0x0000000088000000|  0%| F|  |TAMS 0x0000000087f00000, 0x0000000087f00000| Untracked 
| 128|0x0000000088000000, 0x0000000088000000, 0x0000000088100000|  0%| F|  |TAMS 0x0000000088000000, 0x0000000088000000| Untracked 
| 129|0x0000000088100000, 0x0000000088100000, 0x0000000088200000|  0%| F|  |TAMS 0x0000000088100000, 0x0000000088100000| Untracked 
| 130|0x0000000088200000, 0x0000000088200000, 0x0000000088300000|  0%| F|  |TAMS 0x0000000088200000, 0x0000000088200000| Untracked 
| 131|0x0000000088300000, 0x0000000088400000, 0x0000000088400000|100%| E|  |TAMS 0x0000000088300000, 0x0000000088300000| Complete 
| 132|0x0000000088400000, 0x0000000088500000, 0x0000000088500000|100%| E|CS|TAMS 0x0000000088400000, 0x0000000088400000| Complete 
| 133|0x0000000088500000, 0x0000000088600000, 0x0000000088600000|100%| E|CS|TAMS 0x0000000088500000, 0x0000000088500000| Complete 
| 134|0x0000000088600000, 0x0000000088700000, 0x0000000088700000|100%| E|CS|TAMS 0x0000000088600000, 0x0000000088600000| Complete 
| 135|0x0000000088700000, 0x0000000088800000, 0x0000000088800000|100%| E|CS|TAMS 0x0000000088700000, 0x0000000088700000| Complete 
| 136|0x0000000088800000, 0x0000000088900000, 0x0000000088900000|100%| E|CS|TAMS 0x0000000088800000, 0x0000000088800000| Complete 
| 137|0x0000000088900000, 0x0000000088a00000, 0x0000000088a00000|100%| E|CS|TAMS 0x0000000088900000, 0x0000000088900000| Complete 
| 138|0x0000000088a00000, 0x0000000088b00000, 0x0000000088b00000|100%| E|CS|TAMS 0x0000000088a00000, 0x0000000088a00000| Complete 
| 139|0x0000000088b00000, 0x0000000088c00000, 0x0000000088c00000|100%| E|CS|TAMS 0x0000000088b00000, 0x0000000088b00000| Complete 
| 140|0x0000000088c00000, 0x0000000088d00000, 0x0000000088d00000|100%| E|CS|TAMS 0x0000000088c00000, 0x0000000088c00000| Complete 
| 141|0x0000000088d00000, 0x0000000088e00000, 0x0000000088e00000|100%| E|CS|TAMS 0x0000000088d00000, 0x0000000088d00000| Complete 
| 142|0x0000000088e00000, 0x0000000088f00000, 0x0000000088f00000|100%| E|CS|TAMS 0x0000000088e00000, 0x0000000088e00000| Complete 
| 143|0x0000000088f00000, 0x0000000089000000, 0x0000000089000000|100%| E|CS|TAMS 0x0000000088f00000, 0x0000000088f00000| Complete 
| 144|0x0000000089000000, 0x0000000089100000, 0x0000000089100000|100%| E|CS|TAMS 0x0000000089000000, 0x0000000089000000| Complete 
| 145|0x0000000089100000, 0x0000000089200000, 0x0000000089200000|100%| E|CS|TAMS 0x0000000089100000, 0x0000000089100000| Complete 
| 146|0x0000000089200000, 0x0000000089300000, 0x0000000089300000|100%| E|CS|TAMS 0x0000000089200000, 0x0000000089200000| Complete 
| 147|0x0000000089300000, 0x0000000089400000, 0x0000000089400000|100%| E|CS|TAMS 0x0000000089300000, 0x0000000089300000| Complete 
| 148|0x0000000089400000, 0x0000000089500000, 0x0000000089500000|100%| E|CS|TAMS 0x0000000089400000, 0x0000000089400000| Complete 
| 149|0x0000000089500000, 0x0000000089600000, 0x0000000089600000|100%| E|CS|TAMS 0x0000000089500000, 0x0000000089500000| Complete 
| 150|0x0000000089600000, 0x0000000089700000, 0x0000000089700000|100%| E|CS|TAMS 0x0000000089600000, 0x0000000089600000| Complete 
| 151|0x0000000089700000, 0x0000000089800000, 0x0000000089800000|100%| E|CS|TAMS 0x0000000089700000, 0x0000000089700000| Complete 
| 152|0x0000000089800000, 0x0000000089900000, 0x0000000089900000|100%| E|CS|TAMS 0x0000000089800000, 0x0000000089800000| Complete 
| 153|0x0000000089900000, 0x0000000089a00000, 0x0000000089a00000|100%| E|CS|TAMS 0x0000000089900000, 0x0000000089900000| Complete 
| 154|0x0000000089a00000, 0x0000000089b00000, 0x0000000089b00000|100%| E|CS|TAMS 0x0000000089a00000, 0x0000000089a00000| Complete 
| 155|0x0000000089b00000, 0x0000000089c00000, 0x0000000089c00000|100%| E|CS|TAMS 0x0000000089b00000, 0x0000000089b00000| Complete 
| 156|0x0000000089c00000, 0x0000000089d00000, 0x0000000089d00000|100%| E|CS|TAMS 0x0000000089c00000, 0x0000000089c00000| Complete 
| 157|0x0000000089d00000, 0x0000000089e00000, 0x0000000089e00000|100%| E|CS|TAMS 0x0000000089d00000, 0x0000000089d00000| Complete 
| 158|0x0000000089e00000, 0x0000000089f00000, 0x0000000089f00000|100%| E|CS|TAMS 0x0000000089e00000, 0x0000000089e00000| Complete 
| 159|0x0000000089f00000, 0x000000008a000000, 0x000000008a000000|100%| E|CS|TAMS 0x0000000089f00000, 0x0000000089f00000| Complete 
| 160|0x000000008a000000, 0x000000008a100000, 0x000000008a100000|100%| E|CS|TAMS 0x000000008a000000, 0x000000008a000000| Complete 
| 161|0x000000008a100000, 0x000000008a200000, 0x000000008a200000|100%| E|CS|TAMS 0x000000008a100000, 0x000000008a100000| Complete 
| 162|0x000000008a200000, 0x000000008a300000, 0x000000008a300000|100%| E|CS|TAMS 0x000000008a200000, 0x000000008a200000| Complete 
| 163|0x000000008a300000, 0x000000008a400000, 0x000000008a400000|100%| E|CS|TAMS 0x000000008a300000, 0x000000008a300000| Complete 
| 164|0x000000008a400000, 0x000000008a500000, 0x000000008a500000|100%| E|CS|TAMS 0x000000008a400000, 0x000000008a400000| Complete 
| 165|0x000000008a500000, 0x000000008a600000, 0x000000008a600000|100%| E|CS|TAMS 0x000000008a500000, 0x000000008a500000| Complete 
| 166|0x000000008a600000, 0x000000008a700000, 0x000000008a700000|100%| E|CS|TAMS 0x000000008a600000, 0x000000008a600000| Complete 
| 167|0x000000008a700000, 0x000000008a800000, 0x000000008a800000|100%| E|CS|TAMS 0x000000008a700000, 0x000000008a700000| Complete 
| 168|0x000000008a800000, 0x000000008a900000, 0x000000008a900000|100%| E|CS|TAMS 0x000000008a800000, 0x000000008a800000| Complete 
| 169|0x000000008a900000, 0x000000008aa00000, 0x000000008aa00000|100%| E|CS|TAMS 0x000000008a900000, 0x000000008a900000| Complete 
| 170|0x000000008aa00000, 0x000000008ab00000, 0x000000008ab00000|100%| E|CS|TAMS 0x000000008aa00000, 0x000000008aa00000| Complete 
| 171|0x000000008ab00000, 0x000000008ac00000, 0x000000008ac00000|100%| E|CS|TAMS 0x000000008ab00000, 0x000000008ab00000| Complete 
| 172|0x000000008ac00000, 0x000000008ad00000, 0x000000008ad00000|100%| E|CS|TAMS 0x000000008ac00000, 0x000000008ac00000| Complete 
| 173|0x000000008ad00000, 0x000000008ae00000, 0x000000008ae00000|100%| E|CS|TAMS 0x000000008ad00000, 0x000000008ad00000| Complete 
| 174|0x000000008ae00000, 0x000000008af00000, 0x000000008af00000|100%| E|CS|TAMS 0x000000008ae00000, 0x000000008ae00000| Complete 
| 175|0x000000008af00000, 0x000000008b000000, 0x000000008b000000|100%| E|CS|TAMS 0x000000008af00000, 0x000000008af00000| Complete 
| 176|0x000000008b000000, 0x000000008b100000, 0x000000008b100000|100%| E|CS|TAMS 0x000000008b000000, 0x000000008b000000| Complete 
| 177|0x000000008b100000, 0x000000008b200000, 0x000000008b200000|100%| E|CS|TAMS 0x000000008b100000, 0x000000008b100000| Complete 
| 178|0x000000008b200000, 0x000000008b300000, 0x000000008b300000|100%| E|CS|TAMS 0x000000008b200000, 0x000000008b200000| Complete 
| 179|0x000000008b300000, 0x000000008b400000, 0x000000008b400000|100%| E|CS|TAMS 0x000000008b300000, 0x000000008b300000| Complete 
| 180|0x000000008b400000, 0x000000008b500000, 0x000000008b500000|100%| E|CS|TAMS 0x000000008b400000, 0x000000008b400000| Complete 
| 181|0x000000008b500000, 0x000000008b600000, 0x000000008b600000|100%| E|CS|TAMS 0x000000008b500000, 0x000000008b500000| Complete 
| 182|0x000000008b600000, 0x000000008b700000, 0x000000008b700000|100%| E|CS|TAMS 0x000000008b600000, 0x000000008b600000| Complete 
| 183|0x000000008b700000, 0x000000008b800000, 0x000000008b800000|100%| E|CS|TAMS 0x000000008b700000, 0x000000008b700000| Complete 
| 184|0x000000008b800000, 0x000000008b900000, 0x000000008b900000|100%| E|CS|TAMS 0x000000008b800000, 0x000000008b800000| Complete 
| 185|0x000000008b900000, 0x000000008ba00000, 0x000000008ba00000|100%| E|CS|TAMS 0x000000008b900000, 0x000000008b900000| Complete 
| 186|0x000000008ba00000, 0x000000008bb00000, 0x000000008bb00000|100%| E|CS|TAMS 0x000000008ba00000, 0x000000008ba00000| Complete 
| 187|0x000000008bb00000, 0x000000008bc00000, 0x000000008bc00000|100%| E|CS|TAMS 0x000000008bb00000, 0x000000008bb00000| Complete 
| 188|0x000000008bc00000, 0x000000008bd00000, 0x000000008bd00000|100%| E|CS|TAMS 0x000000008bc00000, 0x000000008bc00000| Complete 
| 189|0x000000008bd00000, 0x000000008be00000, 0x000000008be00000|100%| E|CS|TAMS 0x000000008bd00000, 0x000000008bd00000| Complete 
| 190|0x000000008be00000, 0x000000008bf00000, 0x000000008bf00000|100%| E|CS|TAMS 0x000000008be00000, 0x000000008be00000| Complete 
| 191|0x000000008bf00000, 0x000000008c000000, 0x000000008c000000|100%| E|CS|TAMS 0x000000008bf00000, 0x000000008bf00000| Complete 
| 192|0x000000008c000000, 0x000000008c100000, 0x000000008c100000|100%| E|CS|TAMS 0x000000008c000000, 0x000000008c000000| Complete 
| 193|0x000000008c100000, 0x000000008c200000, 0x000000008c200000|100%| E|CS|TAMS 0x000000008c100000, 0x000000008c100000| Complete 
| 194|0x000000008c200000, 0x000000008c300000, 0x000000008c300000|100%| E|CS|TAMS 0x000000008c200000, 0x000000008c200000| Complete 
| 195|0x000000008c300000, 0x000000008c400000, 0x000000008c400000|100%| E|CS|TAMS 0x000000008c300000, 0x000000008c300000| Complete 
| 196|0x000000008c400000, 0x000000008c500000, 0x000000008c500000|100%| E|CS|TAMS 0x000000008c400000, 0x000000008c400000| Complete 
| 197|0x000000008c500000, 0x000000008c600000, 0x000000008c600000|100%| E|CS|TAMS 0x000000008c500000, 0x000000008c500000| Complete 
| 198|0x000000008c600000, 0x000000008c700000, 0x000000008c700000|100%| E|CS|TAMS 0x000000008c600000, 0x000000008c600000| Complete 
| 199|0x000000008c700000, 0x000000008c800000, 0x000000008c800000|100%| E|CS|TAMS 0x000000008c700000, 0x000000008c700000| Complete 
| 200|0x000000008c800000, 0x000000008c847330, 0x000000008c900000| 27%| S|CS|TAMS 0x000000008c800000, 0x000000008c800000| Complete 
| 201|0x000000008c900000, 0x000000008ca00000, 0x000000008ca00000|100%| S|CS|TAMS 0x000000008c900000, 0x000000008c900000| Complete 
| 202|0x000000008ca00000, 0x000000008cb00000, 0x000000008cb00000|100%| S|CS|TAMS 0x000000008ca00000, 0x000000008ca00000| Complete 
| 203|0x000000008cb00000, 0x000000008cc00000, 0x000000008cc00000|100%| E|CS|TAMS 0x000000008cb00000, 0x000000008cb00000| Complete 
| 204|0x000000008cc00000, 0x000000008cd00000, 0x000000008cd00000|100%| E|CS|TAMS 0x000000008cc00000, 0x000000008cc00000| Complete 
| 205|0x000000008cd00000, 0x000000008ce00000, 0x000000008ce00000|100%| E|CS|TAMS 0x000000008cd00000, 0x000000008cd00000| Complete 
| 206|0x000000008ce00000, 0x000000008cf00000, 0x000000008cf00000|100%| E|CS|TAMS 0x000000008ce00000, 0x000000008ce00000| Complete 
| 207|0x000000008cf00000, 0x000000008d000000, 0x000000008d000000|100%| E|CS|TAMS 0x000000008cf00000, 0x000000008cf00000| Complete 
| 208|0x000000008d000000, 0x000000008d100000, 0x000000008d100000|100%| E|CS|TAMS 0x000000008d000000, 0x000000008d000000| Complete 
| 209|0x000000008d100000, 0x000000008d200000, 0x000000008d200000|100%| E|CS|TAMS 0x000000008d100000, 0x000000008d100000| Complete 
| 210|0x000000008d200000, 0x000000008d300000, 0x000000008d300000|100%| E|CS|TAMS 0x000000008d200000, 0x000000008d200000| Complete 
| 211|0x000000008d300000, 0x000000008d400000, 0x000000008d400000|100%| E|CS|TAMS 0x000000008d300000, 0x000000008d300000| Complete 
| 212|0x000000008d400000, 0x000000008d500000, 0x000000008d500000|100%| E|CS|TAMS 0x000000008d400000, 0x000000008d400000| Complete 
| 213|0x000000008d500000, 0x000000008d600000, 0x000000008d600000|100%| E|CS|TAMS 0x000000008d500000, 0x000000008d500000| Complete 
| 214|0x000000008d600000, 0x000000008d700000, 0x000000008d700000|100%| E|CS|TAMS 0x000000008d600000, 0x000000008d600000| Complete 
| 215|0x000000008d700000, 0x000000008d800000, 0x000000008d800000|100%| E|CS|TAMS 0x000000008d700000, 0x000000008d700000| Complete 
| 216|0x000000008d800000, 0x000000008d900000, 0x000000008d900000|100%| E|CS|TAMS 0x000000008d800000, 0x000000008d800000| Complete 
| 217|0x000000008d900000, 0x000000008da00000, 0x000000008da00000|100%| E|CS|TAMS 0x000000008d900000, 0x000000008d900000| Complete 
| 218|0x000000008da00000, 0x000000008db00000, 0x000000008db00000|100%| E|CS|TAMS 0x000000008da00000, 0x000000008da00000| Complete 
| 219|0x000000008db00000, 0x000000008dc00000, 0x000000008dc00000|100%| E|CS|TAMS 0x000000008db00000, 0x000000008db00000| Complete 
| 220|0x000000008dc00000, 0x000000008dd00000, 0x000000008dd00000|100%| E|CS|TAMS 0x000000008dc00000, 0x000000008dc00000| Complete 
| 221|0x000000008dd00000, 0x000000008de00000, 0x000000008de00000|100%| E|CS|TAMS 0x000000008dd00000, 0x000000008dd00000| Complete 
| 222|0x000000008de00000, 0x000000008df00000, 0x000000008df00000|100%| E|CS|TAMS 0x000000008de00000, 0x000000008de00000| Complete 
| 223|0x000000008df00000, 0x000000008e000000, 0x000000008e000000|100%| E|CS|TAMS 0x000000008df00000, 0x000000008df00000| Complete 
| 224|0x000000008e000000, 0x000000008e100000, 0x000000008e100000|100%| E|CS|TAMS 0x000000008e000000, 0x000000008e000000| Complete 
| 225|0x000000008e100000, 0x000000008e200000, 0x000000008e200000|100%| E|CS|TAMS 0x000000008e100000, 0x000000008e100000| Complete 
| 226|0x000000008e200000, 0x000000008e300000, 0x000000008e300000|100%| E|CS|TAMS 0x000000008e200000, 0x000000008e200000| Complete 
| 227|0x000000008e300000, 0x000000008e400000, 0x000000008e400000|100%| E|CS|TAMS 0x000000008e300000, 0x000000008e300000| Complete 
| 228|0x000000008e400000, 0x000000008e500000, 0x000000008e500000|100%| E|CS|TAMS 0x000000008e400000, 0x000000008e400000| Complete 
| 229|0x000000008e500000, 0x000000008e600000, 0x000000008e600000|100%| E|CS|TAMS 0x000000008e500000, 0x000000008e500000| Complete 
| 230|0x000000008e600000, 0x000000008e700000, 0x000000008e700000|100%| E|CS|TAMS 0x000000008e600000, 0x000000008e600000| Complete 
| 231|0x000000008e700000, 0x000000008e800000, 0x000000008e800000|100%| E|CS|TAMS 0x000000008e700000, 0x000000008e700000| Complete 
| 232|0x000000008e800000, 0x000000008e900000, 0x000000008e900000|100%| E|CS|TAMS 0x000000008e800000, 0x000000008e800000| Complete 
| 233|0x000000008e900000, 0x000000008ea00000, 0x000000008ea00000|100%| E|CS|TAMS 0x000000008e900000, 0x000000008e900000| Complete 
| 234|0x000000008ea00000, 0x000000008eb00000, 0x000000008eb00000|100%| E|CS|TAMS 0x000000008ea00000, 0x000000008ea00000| Complete 
| 235|0x000000008eb00000, 0x000000008ec00000, 0x000000008ec00000|100%| E|CS|TAMS 0x000000008eb00000, 0x000000008eb00000| Complete 
| 236|0x000000008ec00000, 0x000000008ed00000, 0x000000008ed00000|100%| E|CS|TAMS 0x000000008ec00000, 0x000000008ec00000| Complete 
| 237|0x000000008ed00000, 0x000000008ee00000, 0x000000008ee00000|100%| E|CS|TAMS 0x000000008ed00000, 0x000000008ed00000| Complete 
| 238|0x000000008ee00000, 0x000000008ef00000, 0x000000008ef00000|100%| E|CS|TAMS 0x000000008ee00000, 0x000000008ee00000| Complete 
| 239|0x000000008ef00000, 0x000000008f000000, 0x000000008f000000|100%| E|CS|TAMS 0x000000008ef00000, 0x000000008ef00000| Complete 
| 240|0x000000008f000000, 0x000000008f100000, 0x000000008f100000|100%| E|CS|TAMS 0x000000008f000000, 0x000000008f000000| Complete 
| 241|0x000000008f100000, 0x000000008f200000, 0x000000008f200000|100%| E|CS|TAMS 0x000000008f100000, 0x000000008f100000| Complete 
| 242|0x000000008f200000, 0x000000008f300000, 0x000000008f300000|100%| E|CS|TAMS 0x000000008f200000, 0x000000008f200000| Complete 
| 243|0x000000008f300000, 0x000000008f400000, 0x000000008f400000|100%| E|CS|TAMS 0x000000008f300000, 0x000000008f300000| Complete 
| 244|0x000000008f400000, 0x000000008f500000, 0x000000008f500000|100%| E|CS|TAMS 0x000000008f400000, 0x000000008f400000| Complete 
| 245|0x000000008f500000, 0x000000008f600000, 0x000000008f600000|100%| E|CS|TAMS 0x000000008f500000, 0x000000008f500000| Complete 
| 246|0x000000008f600000, 0x000000008f700000, 0x000000008f700000|100%| E|CS|TAMS 0x000000008f600000, 0x000000008f600000| Complete 
| 247|0x000000008f700000, 0x000000008f800000, 0x000000008f800000|100%| E|CS|TAMS 0x000000008f700000, 0x000000008f700000| Complete 
| 248|0x000000008f800000, 0x000000008f900000, 0x000000008f900000|100%| E|CS|TAMS 0x000000008f800000, 0x000000008f800000| Complete 
| 249|0x000000008f900000, 0x000000008fa00000, 0x000000008fa00000|100%| E|CS|TAMS 0x000000008f900000, 0x000000008f900000| Complete 
| 250|0x000000008fa00000, 0x000000008fb00000, 0x000000008fb00000|100%| E|CS|TAMS 0x000000008fa00000, 0x000000008fa00000| Complete 
| 251|0x000000008fb00000, 0x000000008fc00000, 0x000000008fc00000|100%| E|CS|TAMS 0x000000008fb00000, 0x000000008fb00000| Complete 
| 252|0x000000008fc00000, 0x000000008fd00000, 0x000000008fd00000|100%| E|CS|TAMS 0x000000008fc00000, 0x000000008fc00000| Complete 
| 253|0x000000008fd00000, 0x000000008fe00000, 0x000000008fe00000|100%| E|CS|TAMS 0x000000008fd00000, 0x000000008fd00000| Complete 
| 254|0x000000008fe00000, 0x000000008ff00000, 0x000000008ff00000|100%| E|CS|TAMS 0x000000008fe00000, 0x000000008fe00000| Complete 
| 255|0x000000008ff00000, 0x0000000090000000, 0x0000000090000000|100%| E|CS|TAMS 0x000000008ff00000, 0x000000008ff00000| Complete 

Card table byte_map: [0x000002aa12be0000,0x000002aa12fe0000] _byte_map_base: 0x000002aa127e0000

Marking Bits (Prev, Next): (CMBitMap*) 0x000002aa7d83efd0, (CMBitMap*) 0x000002aa7d83ef90
 Prev Bits: [0x000002aa153e0000, 0x000002aa173e0000)
 Next Bits: [0x000002aa133e0000, 0x000002aa153e0000)

Polling page: 0x000002aa7d610000

Metaspace:

Usage:
  Non-class:     23.16 MB used.
      Class:      2.65 MB used.
       Both:     25.80 MB used.

Virtual space:
  Non-class space:       64.00 MB reserved,      23.38 MB ( 37%) committed,  1 nodes.
      Class space:        1.00 GB reserved,       2.88 MB ( <1%) committed,  1 nodes.
             Both:        1.06 GB reserved,      26.25 MB (  2%) committed. 

Chunk freelists:
   Non-Class:  7.91 MB
       Class:  12.98 MB
        Both:  20.89 MB

MaxMetaspaceSize: unlimited
CompressedClassSpaceSize: 1.00 GB
Initial GC threshold: 21.00 MB
Current GC threshold: 35.25 MB
CDS: off
MetaspaceReclaimPolicy: balanced
 - commit_granule_bytes: 65536.
 - commit_granule_words: 8192.
 - virtual_space_node_default_size: 8388608.
 - enlarge_chunks_in_place: 1.
 - new_chunks_are_fully_committed: 0.
 - uncommit_free_chunks: 1.
 - use_allocation_guard: 0.
 - handle_deallocations: 1.


Internal statistics:

num_allocs_failed_limit: 3.
num_arena_births: 560.
num_arena_deaths: 0.
num_vsnodes_births: 2.
num_vsnodes_deaths: 0.
num_space_committed: 420.
num_space_uncommitted: 0.
num_chunks_returned_to_freelist: 3.
num_chunks_taken_from_freelist: 1154.
num_chunk_merges: 0.
num_chunk_splits: 635.
num_chunks_enlarged: 243.
num_inconsistent_stats: 0.

CodeHeap 'non-profiled nmethods': size=119168Kb used=2574Kb max_used=2574Kb free=116593Kb
 bounds [0x000002aa0b260000, 0x000002aa0b4f0000, 0x000002aa126c0000]
CodeHeap 'profiled nmethods': size=119104Kb used=9281Kb max_used=9281Kb free=109822Kb
 bounds [0x000002aa036c0000, 0x000002aa03fe0000, 0x000002aa0ab10000]
CodeHeap 'non-nmethods': size=7488Kb used=1259Kb max_used=2995Kb free=6228Kb
 bounds [0x000002aa0ab10000, 0x000002aa0ae10000, 0x000002aa0b260000]
 total_blobs=4842 nmethods=4288 adapters=465
 compilation: enabled
              stopped_count=0, restarted_count=0
 full_count=0

Compilation events (20 events):
Event: 2307.306 Thread 0x000002aa1a5684c0 nmethod 4279 0x000002aa03fc8b10 code [0x000002aa03fc8d40, 0x000002aa03fc93f8]
Event: 2307.307 Thread 0x000002aa1a5684c0 4280   !   3       jdk.internal.reflect.GeneratedMethodAccessor15::invoke (66 bytes)
Event: 2307.307 Thread 0x000002aa1a5684c0 nmethod 4280 0x000002aa03fc9710 code [0x000002aa03fc9960, 0x000002aa03fca298]
Event: 2307.307 Thread 0x000002aa1a5684c0 4281   !   3       jdk.internal.reflect.GeneratedMethodAccessor16::invoke (63 bytes)
Event: 2307.307 Thread 0x000002aa1a5684c0 nmethod 4281 0x000002aa03fca690 code [0x000002aa03fca8c0, 0x000002aa03fcaf78]
Event: 2307.307 Thread 0x000002aa1a5684c0 4282   !   3       jdk.internal.reflect.GeneratedMethodAccessor17::invoke (149 bytes)
Event: 2307.307 Thread 0x000002aa1a5684c0 nmethod 4282 0x000002aa03fcb290 code [0x000002aa03fcb540, 0x000002aa03fcc6c8]
Event: 2307.307 Thread 0x000002aa1a5684c0 4283   !   3       jdk.internal.reflect.GeneratedConstructorAccessor9::newInstance (53 bytes)
Event: 2307.307 Thread 0x000002aa1a5684c0 nmethod 4283 0x000002aa03fccc90 code [0x000002aa03fccee0, 0x000002aa03fcd728]
Event: 2307.308 Thread 0x000002aa1a5684c0 4284   !   3       jdk.internal.reflect.GeneratedMethodAccessor18::invoke (64 bytes)
Event: 2307.308 Thread 0x000002aa1a5684c0 nmethod 4284 0x000002aa03fcdb90 code [0x000002aa03fcddc0, 0x000002aa03fce478]
Event: 2307.322 Thread 0x000002aa19e05a40 4285       4       com.mysql.cj.result.DefaultValueFactory::<init> (47 bytes)
Event: 2307.325 Thread 0x000002aa19e05a40 nmethod 4285 0x000002aa0b4e2d90 code [0x000002aa0b4e2f80, 0x000002aa0b4e3428]
Event: 2307.334 Thread 0x000002aa1a5684c0 4286       3       java.io.ObjectOutputStream$PutFieldImpl::getFieldOffset (55 bytes)
Event: 2307.334 Thread 0x000002aa1a5684c0 nmethod 4286 0x000002aa03fce790 code [0x000002aa03fcea20, 0x000002aa03fcf398]
Event: 2307.337 Thread 0x000002aa1a5684c0 4287       3       com.mysql.cj.AbstractQuery::statementBegins (14 bytes)
Event: 2307.337 Thread 0x000002aa1a5684c0 nmethod 4287 0x000002aa03fcf790 code [0x000002aa03fcf920, 0x000002aa03fcfad8]
Event: 2307.340 Thread 0x000002aa1a5684c0 4288       3       com.mysql.cj.protocol.a.MysqlTextValueDecoder::getInt (54 bytes)
Event: 2307.340 Thread 0x000002aa1a5684c0 nmethod 4288 0x000002aa03fcfb90 code [0x000002aa03fcfd80, 0x000002aa03fd02b8]
Event: 2307.349 Thread 0x000002aa19e05a40 4289   !   4       com.mysql.cj.jdbc.result.ResultSetImpl::next (110 bytes)

GC Heap History (6 events):
Event: 0.520 GC heap before
{Heap before GC invocations=0 (full 0):
 garbage-first heap   total 262144K, used 24576K [0x0000000080000000, 0x0000000100000000)
  region size 1024K, 23 young (23552K), 0 survivors (0K)
 Metaspace       used 18433K, committed 18688K, reserved 1114112K
  class space    used 1931K, committed 2048K, reserved 1048576K
}
Event: 0.524 GC heap after
{Heap after GC invocations=1 (full 0):
 garbage-first heap   total 262144K, used 7255K [0x0000000080000000, 0x0000000100000000)
  region size 1024K, 3 young (3072K), 3 survivors (3072K)
 Metaspace       used 18433K, committed 18688K, reserved 1114112K
  class space    used 1931K, committed 2048K, reserved 1048576K
}
Event: 0.594 GC heap before
{Heap before GC invocations=1 (full 0):
 garbage-first heap   total 262144K, used 9303K [0x0000000080000000, 0x0000000100000000)
  region size 1024K, 6 young (6144K), 3 survivors (3072K)
 Metaspace       used 21214K, committed 21504K, reserved 1114112K
  class space    used 2281K, committed 2432K, reserved 1048576K
}
Event: 0.596 GC heap after
{Heap after GC invocations=2 (full 0):
 garbage-first heap   total 262144K, used 8012K [0x0000000080000000, 0x0000000100000000)
  region size 1024K, 1 young (1024K), 1 survivors (1024K)
 Metaspace       used 21214K, committed 21504K, reserved 1114112K
  class space    used 2281K, committed 2432K, reserved 1048576K
}
Event: 1520.938 GC heap before
{Heap before GC invocations=3 (full 0):
 garbage-first heap   total 262144K, used 61260K [0x0000000080000000, 0x0000000100000000)
  region size 1024K, 53 young (54272K), 1 survivors (1024K)
 Metaspace       used 25754K, committed 26112K, reserved 1114112K
  class space    used 2667K, committed 2880K, reserved 1048576K
}
Event: 1520.941 GC heap after
{Heap after GC invocations=4 (full 0):
 garbage-first heap   total 262144K, used 9785K [0x0000000080000000, 0x0000000100000000)
  region size 1024K, 3 young (3072K), 3 survivors (3072K)
 Metaspace       used 25754K, committed 26112K, reserved 1114112K
  class space    used 2667K, committed 2880K, reserved 1048576K
}

Dll operation events (1 events):
Event: 0.004 Loaded shared library C:\Program Files\JetBrains\PyCharm 2023.3.3\jbr\bin\java.dll

Deoptimization events (20 events):
Event: 1778.275 Thread 0x000002aa1f4cf2c0 Uncommon trap: trap_request=0xfffffff4 fr.pc=0x000002aa0b48532c relative=0x0000000000002b2c
Event: 1778.275 Thread 0x000002aa1f4cf2c0 Uncommon trap: reason=null_check action=make_not_entrant pc=0x000002aa0b48532c method=java.lang.Class.isRecord()Z @ 1 c2
Event: 1778.275 Thread 0x000002aa1f4cf2c0 DEOPT PACKING pc=0x000002aa0b48532c sp=0x000000d54f9fdce0
Event: 1778.276 Thread 0x000002aa1f4cf2c0 DEOPT UNPACKING pc=0x000002aa0ab6a1a3 sp=0x000000d54f9fdc50 mode 2
Event: 1935.332 Thread 0x000002aa1f4cf2c0 Uncommon trap: trap_request=0xffffffbe fr.pc=0x000002aa0b4b2360 relative=0x0000000000000cc0
Event: 1935.332 Thread 0x000002aa1f4cf2c0 Uncommon trap: reason=profile_predicate action=maybe_recompile pc=0x000002aa0b4b2360 method=java.util.TreeMap.getEntry(Ljava/lang/Object;)Ljava/util/TreeMap$Entry; @ 29 c2
Event: 1935.332 Thread 0x000002aa1f4cf2c0 DEOPT PACKING pc=0x000002aa0b4b2360 sp=0x000000d54f9fda40
Event: 1935.332 Thread 0x000002aa1f4cf2c0 DEOPT UNPACKING pc=0x000002aa0ab6a1a3 sp=0x000000d54f9fd920 mode 2
Event: 1935.340 Thread 0x000002aa1f4cf2c0 Uncommon trap: trap_request=0xffffffbe fr.pc=0x000002aa0b4b2360 relative=0x0000000000000cc0
Event: 1935.340 Thread 0x000002aa1f4cf2c0 Uncommon trap: reason=profile_predicate action=maybe_recompile pc=0x000002aa0b4b2360 method=java.util.TreeMap.getEntry(Ljava/lang/Object;)Ljava/util/TreeMap$Entry; @ 29 c2
Event: 1935.340 Thread 0x000002aa1f4cf2c0 DEOPT PACKING pc=0x000002aa0b4b2360 sp=0x000000d54f9fdb00
Event: 1935.340 Thread 0x000002aa1f4cf2c0 DEOPT UNPACKING pc=0x000002aa0ab6a1a3 sp=0x000000d54f9fd9e0 mode 2
Event: 1935.351 Thread 0x000002aa1f4cf2c0 Uncommon trap: trap_request=0xffffffbe fr.pc=0x000002aa0b4b2360 relative=0x0000000000000cc0
Event: 1935.351 Thread 0x000002aa1f4cf2c0 Uncommon trap: reason=profile_predicate action=maybe_recompile pc=0x000002aa0b4b2360 method=java.util.TreeMap.getEntry(Ljava/lang/Object;)Ljava/util/TreeMap$Entry; @ 29 c2
Event: 1935.351 Thread 0x000002aa1f4cf2c0 DEOPT PACKING pc=0x000002aa0b4b2360 sp=0x000000d54f9fe760
Event: 1935.351 Thread 0x000002aa1f4cf2c0 DEOPT UNPACKING pc=0x000002aa0ab6a1a3 sp=0x000000d54f9fe640 mode 2
Event: 1935.351 Thread 0x000002aa1f4cf2c0 Uncommon trap: trap_request=0xffffffbe fr.pc=0x000002aa0b4b2360 relative=0x0000000000000cc0
Event: 1935.351 Thread 0x000002aa1f4cf2c0 Uncommon trap: reason=profile_predicate action=maybe_recompile pc=0x000002aa0b4b2360 method=java.util.TreeMap.getEntry(Ljava/lang/Object;)Ljava/util/TreeMap$Entry; @ 29 c2
Event: 1935.351 Thread 0x000002aa1f4cf2c0 DEOPT PACKING pc=0x000002aa0b4b2360 sp=0x000000d54f9fe7c0
Event: 1935.351 Thread 0x000002aa1f4cf2c0 DEOPT UNPACKING pc=0x000002aa0ab6a1a3 sp=0x000000d54f9fe6a0 mode 2

Classes unloaded (0 events):
No events

Classes redefined (0 events):
No events

Internal exceptions (20 events):
Event: 0.917 Thread 0x000002aa1f4cf2c0 Exception <a 'java/lang/NoSuchMethodError'{0x000000008f052330}: static [Ljava/lang/Object;.<clinit>()V> (0x000000008f052330) 
thrown [s\src\hotspot\share\prims\jni.cpp, line 1108]
Event: 300.300 Thread 0x000002aa1f4cd460 Implicit null exception at 0x000002aa0b34075f to 0x000002aa0b340810
Event: 528.370 Thread 0x000002aa1f4cf2c0 Exception <a 'java/lang/NoSuchMethodError'{0x000000008e36e328}: static Lcom/intellij/database/remote/jdbc/RemoteResultSet$DataRetrievingOptions;.<clinit>()V> (0x000000008e36e328) 
thrown [s\src\hotspot\share\prims\jni.cpp, line 1108]
Event: 528.373 Thread 0x000002aa1f4cf2c0 Exception <a 'java/lang/NoSuchMethodError'{0x000000008e38d588}: static Lcom/intellij/database/remote/jdbc/impl/UnparsedValue;.<clinit>()V> (0x000000008e38d588) 
thrown [s\src\hotspot\share\prims\jni.cpp, line 1108]
Event: 1366.116 Thread 0x000002aa1f4cf2c0 Exception <a 'java/lang/reflect/InvocationTargetException'{0x000000008df89258}> (0x000000008df89258) 
thrown [s\src\hotspot\share\runtime\reflection.cpp, line 1127]
Event: 1366.117 Thread 0x000002aa1f4cf2c0 Exception <a 'java/lang/NoSuchMethodError'{0x000000008df9ff58}: static [Ljava/lang/StackTraceElement;.<clinit>()V> (0x000000008df9ff58) 
thrown [s\src\hotspot\share\prims\jni.cpp, line 1108]
Event: 1366.123 Thread 0x000002aa1f4cf2c0 Exception <a 'java/lang/reflect/InvocationTargetException'{0x000000008dfb5328}> (0x000000008dfb5328) 
thrown [s\src\hotspot\share\runtime\reflection.cpp, line 1127]
Event: 1366.126 Thread 0x000002aa1f4cf2c0 Exception <a 'java/lang/reflect/InvocationTargetException'{0x000000008dfbbc60}> (0x000000008dfbbc60) 
thrown [s\src\hotspot\share\runtime\reflection.cpp, line 1127]
Event: 1520.700 Thread 0x000002aa1f4cf2c0 Exception <a 'java/lang/reflect/InvocationTargetException'{0x000000008d28b0b0}> (0x000000008d28b0b0) 
thrown [s\src\hotspot\share\runtime\reflection.cpp, line 1127]
Event: 1520.702 Thread 0x000002aa1f4cf2c0 Exception <a 'java/lang/reflect/InvocationTargetException'{0x000000008d290c90}> (0x000000008d290c90) 
thrown [s\src\hotspot\share\runtime\reflection.cpp, line 1127]
Event: 1520.704 Thread 0x000002aa1f4cf2c0 Exception <a 'java/lang/reflect/InvocationTargetException'{0x000000008d297588}> (0x000000008d297588) 
thrown [s\src\hotspot\share\runtime\reflection.cpp, line 1127]
Event: 1520.951 Thread 0x000002aa1f4cde80 Implicit null exception at 0x000002aa0b3aaa04 to 0x000002aa0b3aaefc
Event: 1692.840 Thread 0x000002aa1f4cf2c0 Exception <a 'java/lang/reflect/InvocationTargetException'{0x000000008e9e3d58}> (0x000000008e9e3d58) 
thrown [s\src\hotspot\share\runtime\reflection.cpp, line 1127]
Event: 1692.844 Thread 0x000002aa1f4cf2c0 Exception <a 'java/lang/reflect/InvocationTargetException'{0x000000008e9e9938}> (0x000000008e9e9938) 
thrown [s\src\hotspot\share\runtime\reflection.cpp, line 1127]
Event: 1692.846 Thread 0x000002aa1f4cf2c0 Exception <a 'java/lang/reflect/InvocationTargetException'{0x000000008e9f02d8}> (0x000000008e9f02d8) 
thrown [s\src\hotspot\share\runtime\reflection.cpp, line 1127]
Event: 1778.010 Thread 0x000002aa1f4cf2c0 Exception <a 'java/lang/reflect/InvocationTargetException'{0x000000008d69da48}> (0x000000008d69da48) 
thrown [s\src\hotspot\share\runtime\reflection.cpp, line 1127]
Event: 1778.012 Thread 0x000002aa1f4cf2c0 Exception <a 'java/lang/reflect/InvocationTargetException'{0x000000008d6a35d8}> (0x000000008d6a35d8) 
thrown [s\src\hotspot\share\runtime\reflection.cpp, line 1127]
Event: 1778.014 Thread 0x000002aa1f4cf2c0 Exception <a 'java/lang/reflect/InvocationTargetException'{0x000000008d6a9f38}> (0x000000008d6a9f38) 
thrown [s\src\hotspot\share\runtime\reflection.cpp, line 1127]
Event: 1778.275 Thread 0x000002aa1f4cf2c0 Implicit null exception at 0x000002aa0b48299f to 0x000002aa0b4852f0
Event: 1873.249 Thread 0x000002aa1f4cf2c0 Exception <a 'java/lang/reflect/InvocationTargetException'{0x000000008b4c5b60}> (0x000000008b4c5b60) 
thrown [s\src\hotspot\share\runtime\reflection.cpp, line 1127]

VM Operations (20 events):
Event: 1803.688 Executing VM operation: HandshakeAllThreads
Event: 1803.688 Executing VM operation: HandshakeAllThreads done
Event: 1873.718 Executing VM operation: Cleanup
Event: 1873.718 Executing VM operation: Cleanup done
Event: 1923.927 Executing VM operation: HandshakeAllThreads
Event: 1923.927 Executing VM operation: HandshakeAllThreads done
Event: 1935.934 Executing VM operation: Cleanup
Event: 1935.934 Executing VM operation: Cleanup done
Event: 1965.948 Executing VM operation: Cleanup
Event: 1965.948 Executing VM operation: Cleanup done
Event: 1984.046 Executing VM operation: HandshakeAllThreads
Event: 1984.046 Executing VM operation: HandshakeAllThreads done
Event: 2007.056 Executing VM operation: Cleanup
Event: 2007.056 Executing VM operation: Cleanup done
Event: 2038.074 Executing VM operation: Cleanup
Event: 2038.074 Executing VM operation: Cleanup done
Event: 2044.165 Executing VM operation: HandshakeAllThreads
Event: 2044.165 Executing VM operation: HandshakeAllThreads done
Event: 2307.296 Executing VM operation: Cleanup
Event: 2307.296 Executing VM operation: Cleanup done

Events (20 events):
Event: 2006.630 Thread 0x000002aa1f4ccf50 Thread exited: 0x000002aa1f4ccf50
Event: 2006.630 Thread 0x000002aa1f4cde80 Thread exited: 0x000002aa1f4cde80
Event: 2006.630 Thread 0x000002aa1f4ce390 Thread exited: 0x000002aa1f4ce390
Event: 2036.806 Thread 0x000002aa1f4ccf50 Thread added: 0x000002aa1f4ccf50
Event: 2036.806 Thread 0x000002aa1f4ccf50 Thread exited: 0x000002aa1f4ccf50
Event: 2293.316 Thread 0x000002aa1f4cf7d0 Thread added: 0x000002aa1f4cf7d0
Event: 2293.316 Thread 0x000002aa1f4cde80 Thread added: 0x000002aa1f4cde80
Event: 2293.316 Thread 0x000002aa1f4ccf50 Thread added: 0x000002aa1f4ccf50
Event: 2293.316 Thread 0x000002aa1f4cedb0 Thread added: 0x000002aa1f4cedb0
Event: 2293.316 Thread 0x000002aa1f4ce390 Thread added: 0x000002aa1f4ce390
Event: 2293.316 Thread 0x000002aa1f4cc020 Thread added: 0x000002aa1f4cc020
Event: 2293.316 Thread 0x000002aa1f7b3530 Thread added: 0x000002aa1f7b3530
Event: 2293.316 Thread 0x000002aa1f4cde80 Thread exited: 0x000002aa1f4cde80
Event: 2293.316 Thread 0x000002aa1f4cf7d0 Thread exited: 0x000002aa1f4cf7d0
Event: 2293.316 Thread 0x000002aa1f4ccf50 Thread exited: 0x000002aa1f4ccf50
Event: 2293.316 Thread 0x000002aa1f4cedb0 Thread exited: 0x000002aa1f4cedb0
Event: 2293.316 Thread 0x000002aa1f4ce390 Thread exited: 0x000002aa1f4ce390
Event: 2293.316 Thread 0x000002aa1f4cc020 Thread exited: 0x000002aa1f4cc020
Event: 2293.317 Thread 0x000002aa1f7b3530 Thread exited: 0x000002aa1f7b3530
Event: 2307.228 Thread 0x000002aa1f4cedb0 Thread added: 0x000002aa1f4cedb0


Dynamic libraries:
0x00007ff7f1f50000 - 0x00007ff7f1f5a000 	C:\Program Files\JetBrains\PyCharm 2023.3.3\jbr\bin\java.exe
0x00007ff90c470000 - 0x00007ff90c668000 	C:\Windows\SYSTEM32\ntdll.dll
0x00007ff90c360000 - 0x00007ff90c41d000 	C:\Windows\System32\KERNEL32.DLL
0x00007ff909e10000 - 0x00007ff90a106000 	C:\Windows\System32\KERNELBASE.dll
0x00007ff90a2a0000 - 0x00007ff90a3a0000 	C:\Windows\System32\ucrtbase.dll
0x00007ff8aa050000 - 0x00007ff8aa067000 	C:\Program Files\JetBrains\PyCharm 2023.3.3\jbr\bin\jli.dll
0x00007ff90b2a0000 - 0x00007ff90b43e000 	C:\Windows\System32\USER32.dll
0x00007ff8fa600000 - 0x00007ff8fa61b000 	C:\Program Files\JetBrains\PyCharm 2023.3.3\jbr\bin\VCRUNTIME140.dll
0x00007ff8f1240000 - 0x00007ff8f14da000 	C:\Windows\WinSxS\amd64_microsoft.windows.common-controls_6595b64144ccf1df_6.0.19041.3636_none_60b6a03d71f818d5\COMCTL32.dll
0x00007ff909b40000 - 0x00007ff909b62000 	C:\Windows\System32\win32u.dll
0x00007ff90b440000 - 0x00007ff90b4de000 	C:\Windows\System32\msvcrt.dll
0x00007ff90adb0000 - 0x00007ff90addc000 	C:\Windows\System32\GDI32.dll
0x00007ff90a110000 - 0x00007ff90a22a000 	C:\Windows\System32\gdi32full.dll
0x00007ff90a3d0000 - 0x00007ff90a46d000 	C:\Windows\System32\msvcp_win.dll
0x00007ff90b0b0000 - 0x00007ff90b0e0000 	C:\Windows\System32\IMM32.DLL
0x00007ff8faab0000 - 0x00007ff8faabc000 	C:\Program Files\JetBrains\PyCharm 2023.3.3\jbr\bin\vcruntime140_1.dll
0x00007ff8c9f40000 - 0x00007ff8c9fcd000 	C:\Program Files\JetBrains\PyCharm 2023.3.3\jbr\bin\msvcp140.dll
0x00007ff89de70000 - 0x00007ff89eaf2000 	C:\Program Files\JetBrains\PyCharm 2023.3.3\jbr\bin\server\jvm.dll
0x00007ff90a4e0000 - 0x00007ff90a593000 	C:\Windows\System32\ADVAPI32.dll
0x00007ff90ba40000 - 0x00007ff90badf000 	C:\Windows\System32\sechost.dll
0x00007ff90b6f0000 - 0x00007ff90b816000 	C:\Windows\System32\RPCRT4.dll
0x00007ff90a3a0000 - 0x00007ff90a3c7000 	C:\Windows\System32\bcrypt.dll
0x00007ff909050000 - 0x00007ff90909b000 	C:\Windows\SYSTEM32\POWRPROF.dll
0x00007ff8f1db0000 - 0x00007ff8f1db9000 	C:\Windows\SYSTEM32\WSOCK32.dll
0x00007ff8ea460000 - 0x00007ff8ea487000 	C:\Windows\SYSTEM32\WINMM.dll
0x00007ff900870000 - 0x00007ff90087a000 	C:\Windows\SYSTEM32\VERSION.dll
0x00007ff90b820000 - 0x00007ff90b88b000 	C:\Windows\System32\WS2_32.dll
0x00007ff908f10000 - 0x00007ff908f22000 	C:\Windows\SYSTEM32\UMPDC.dll
0x00007ff908340000 - 0x00007ff908352000 	C:\Windows\SYSTEM32\kernel.appcore.dll
0x00007ff8fc0d0000 - 0x00007ff8fc0da000 	C:\Program Files\JetBrains\PyCharm 2023.3.3\jbr\bin\jimage.dll
0x00007ff908070000 - 0x00007ff908254000 	C:\Windows\SYSTEM32\DBGHELP.DLL
0x00007ff8fc6b0000 - 0x00007ff8fc6e4000 	C:\Windows\SYSTEM32\dbgcore.DLL
0x00007ff909cd0000 - 0x00007ff909d52000 	C:\Windows\System32\bcryptPrimitives.dll
0x00007ff8fc0a0000 - 0x00007ff8fc0c5000 	C:\Program Files\JetBrains\PyCharm 2023.3.3\jbr\bin\java.dll
0x00007ff8fc080000 - 0x00007ff8fc098000 	C:\Program Files\JetBrains\PyCharm 2023.3.3\jbr\bin\zip.dll
0x00007ff90a5b0000 - 0x00007ff90acf5000 	C:\Windows\System32\SHELL32.dll
0x00007ff907800000 - 0x00007ff907f9b000 	C:\Windows\SYSTEM32\windows.storage.dll
0x00007ff90bae0000 - 0x00007ff90be34000 	C:\Windows\System32\combase.dll
0x00007ff909490000 - 0x00007ff9094bd000 	C:\Windows\SYSTEM32\Wldp.dll
0x00007ff90ad00000 - 0x00007ff90adad000 	C:\Windows\System32\SHCORE.dll
0x00007ff90b690000 - 0x00007ff90b6e5000 	C:\Windows\System32\shlwapi.dll
0x00007ff909a70000 - 0x00007ff909a95000 	C:\Windows\SYSTEM32\profapi.dll
0x00007ff8e9130000 - 0x00007ff8e9149000 	C:\Program Files\JetBrains\PyCharm 2023.3.3\jbr\bin\net.dll
0x00007ff902350000 - 0x00007ff90245a000 	C:\Windows\SYSTEM32\WINHTTP.dll
0x00007ff909270000 - 0x00007ff9092da000 	C:\Windows\system32\mswsock.dll
0x00007ff8e3df0000 - 0x00007ff8e3e06000 	C:\Program Files\JetBrains\PyCharm 2023.3.3\jbr\bin\nio.dll
0x00007ff908f30000 - 0x00007ff908f6b000 	C:\Windows\SYSTEM32\IPHLPAPI.DLL
0x00007ff90c420000 - 0x00007ff90c428000 	C:\Windows\System32\NSI.dll
0x00007ff900c50000 - 0x00007ff900c67000 	C:\Windows\SYSTEM32\dhcpcsvc6.DLL
0x00007ff900e00000 - 0x00007ff900e1d000 	C:\Windows\SYSTEM32\dhcpcsvc.DLL
0x00007ff908f70000 - 0x00007ff90903a000 	C:\Windows\SYSTEM32\DNSAPI.dll
0x00007ff9094d0000 - 0x00007ff9094e8000 	C:\Windows\SYSTEM32\CRYPTSP.dll
0x00007ff908b50000 - 0x00007ff908b84000 	C:\Windows\system32\rsaenh.dll
0x00007ff909a30000 - 0x00007ff909a5e000 	C:\Windows\SYSTEM32\USERENV.dll
0x00007ff909400000 - 0x00007ff90940c000 	C:\Windows\SYSTEM32\CRYPTBASE.dll
0x00007ff8fc360000 - 0x00007ff8fc367000 	C:\Program Files\JetBrains\PyCharm 2023.3.3\jbr\bin\rmi.dll
0x00007ff900ca0000 - 0x00007ff900caa000 	C:\Windows\System32\rasadhlp.dll
0x00007ff9006b0000 - 0x00007ff900730000 	C:\Windows\System32\fwpuclnt.dll
0x00007ff8c9bf0000 - 0x00007ff8c9bfe000 	C:\Program Files\JetBrains\PyCharm 2023.3.3\jbr\bin\sunmscapi.dll
0x00007ff909b70000 - 0x00007ff909ccd000 	C:\Windows\System32\CRYPT32.dll
0x00007ff9095e0000 - 0x00007ff909608000 	C:\Windows\SYSTEM32\ncrypt.dll
0x00007ff9095a0000 - 0x00007ff9095db000 	C:\Windows\SYSTEM32\NTASN1.dll

dbghelp: loaded successfully - version: 4.0.5 - missing functions: none
symbol engine: initialized successfully - sym options: 0x614 - pdb path: .;C:\Program Files\JetBrains\PyCharm 2023.3.3\jbr\bin;C:\Windows\SYSTEM32;C:\Windows\WinSxS\amd64_microsoft.windows.common-controls_6595b64144ccf1df_6.0.19041.3636_none_60b6a03d71f818d5;C:\Program Files\JetBrains\PyCharm 2023.3.3\jbr\bin\server

VM Arguments:
jvm_args: -Djava.rmi.server.hostname=127.0.0.1 -Duser.timezone=UTC -Xmx2048m -Xms256m -Djdbc.classpath=C:\Program Files\JetBrains\PyCharm 2023.3.3\plugins\DatabaseTools\lib\jdbc-console.jar;C:\Users\TUF GAMING\AppData\Roaming\JetBrains\PyCharm2023.3\jdbc-drivers\MySQL ConnectorJ\8.2.0\com\mysql\mysql-connector-j\8.2.0\mysql-connector-j-8.2.0.jar;C:\Users\TUF GAMING\AppData\Roaming\JetBrains\PyCharm2023.3\jdbc-drivers\MySQL ConnectorJ\8.2.0\com\google\protobuf\protobuf-java\3.21.9\protobuf-java-3.21.9.jar --add-exports=java.desktop/sun.awt=ALL-UNNAMED --add-exports=java.desktop/java.awt.peer=ALL-UNNAMED --add-opens=java.desktop/java.awt=ALL-UNNAMED --add-opens=jdk.unsupported/sun.misc=ALL-UNNAMED --add-opens=java.base/java.nio=ALL-UNNAMED --add-opens=java.base/java.util=ALL-UNNAMED -Dfile.encoding=UTF-8 
java_command: com.intellij.database.remote.RemoteJdbcServer com.mysql.cj.jdbc.Driver
java_class_path (initial): C:\Program Files\JetBrains\PyCharm 2023.3.3\lib\util_rt.jar;C:\Program Files\JetBrains\PyCharm 2023.3.3\lib\util-8.jar;C:\Program Files\JetBrains\PyCharm 2023.3.3\lib\groovy.jar;C:\Program Files\JetBrains\PyCharm 2023.3.3\plugins\DatabaseTools\lib\jdbc-console.jar;C:\Program Files\JetBrains\PyCharm 2023.3.3\plugins\grid-core-impl\lib\jdbc-console-types.jar;C:\Program Files\JetBrains\PyCharm 2023.3.3\lib\util.jar
Launcher Type: SUN_STANDARD

[Global flags]
     intx CICompilerCount                          = 12                                        {product} {ergonomic}
     uint ConcGCThreads                            = 3                                         {product} {ergonomic}
     uint G1ConcRefinementThreads                  = 13                                        {product} {ergonomic}
   size_t G1HeapRegionSize                         = 1048576                                   {product} {ergonomic}
    uintx GCDrainStackTargetSize                   = 64                                        {product} {ergonomic}
   size_t InitialHeapSize                          = 268435456                                 {product} {command line}
   size_t MarkStackSize                            = 4194304                                   {product} {ergonomic}
   size_t MaxHeapSize                              = 2147483648                                {product} {command line}
   size_t MaxNewSize                               = 1287651328                                {product} {ergonomic}
   size_t MinHeapDeltaBytes                        = 1048576                                   {product} {ergonomic}
   size_t MinHeapSize                              = 268435456                                 {product} {command line}
    uintx NonNMethodCodeHeapSize                   = 7602480                                {pd product} {ergonomic}
    uintx NonProfiledCodeHeapSize                  = 122027880                              {pd product} {ergonomic}
    uintx ProfiledCodeHeapSize                     = 122027880                              {pd product} {ergonomic}
    uintx ReservedCodeCacheSize                    = 251658240                              {pd product} {ergonomic}
     bool SegmentedCodeCache                       = true                                      {product} {ergonomic}
   size_t SoftMaxHeapSize                          = 2147483648                             {manageable} {ergonomic}
     bool UseCompressedClassPointers               = true                           {product lp64_product} {ergonomic}
     bool UseCompressedOops                        = true                           {product lp64_product} {ergonomic}
     bool UseG1GC                                  = true                                      {product} {ergonomic}
     bool UseLargePagesIndividualAllocation        = false                                  {pd product} {ergonomic}

Logging:
Log output configuration:
 #0: stdout all=warning uptime,level,tags
 #1: stderr all=off uptime,level,tags

Environment Variables:
JAVA_HOME=C:\Program Files\Java\jdk-17
PATH=C:\Program Files (x86)\VMware\VMware Workstation\bin\;C:\Program Files\Java\jdk-17\bin;C:\Program Files\Common Files\Oracle\Java\javapath;C:\Windows\system32;C:\Windows;C:\Windows\System32\Wbem;C:\Windows\System32\WindowsPowerShell\v1.0\;C:\Windows\System32\OpenSSH\;C:\Program Files (x86)\NVIDIA Corporation\PhysX\Common;C:\Program Files\NVIDIA Corporation\NVIDIA NvDLISR;C:\TDM-GCC-64\bin;C:\Program Files\Git\cmd;;C:\Program Files\Docker\Docker\resources\bin;C:\Program Files\dotnet\;C:\Users\TUF GAMING\AppData\Local\Programs\Python\Python312\Scripts\;C:\Users\TUF GAMING\AppData\Local\Programs\Python\Python312\;C:\Users\TUF GAMING\AppData\Local\Programs\Python\Launcher\;C:\Program Files\MySQL\MySQL Shell 8.0\bin\;C:\Users\TUF GAMING\AppData\Local\Microsoft\WindowsApps;C:\Users\TUF GAMING\AppData\Local\Programs\Microsoft VS Code\bin;C:\Program Files\JetBrains\IntelliJ IDEA 2022.3.2\bin;C:\Program Files\Java\jdk-17\bin;C:\iverilog\bin;C:\iverilog\gtkwave\bin;C:\iverilog\gtkwave;C:\Program Files\JetBrains\PyCharm 2023.3.3\bin;C:\Users\TUF GAMING\AppData\Local\JetBrains\Toolbox\scripts;;C:\Program Files\JetBrains\DataGrip 2024.1.2\bin;C:\Users\TUF GAMING\AppData\Local\Programs\Python\Python312;
USERNAME=TUF GAMING
OS=Windows_NT
PROCESSOR_IDENTIFIER=Intel64 Family 6 Model 141 Stepping 1, GenuineIntel
TMP=C:\Users\TUFGAM~1\AppData\Local\Temp
TEMP=C:\Users\TUFGAM~1\AppData\Local\Temp



Periodic native trim disabled

JNI global refs:
JNI global refs: 26, weak refs: 0

JNI global refs memory usage: 843, weak refs: 841

OOME stack traces (most recent first):
Classloader memory used:
Loader bootstrap                                                                       : 2474K
Loader com.intellij.database.remote.jdbc.impl.JdbcClassLoader$JdbcClassLoaderImpl      : 391K
Loader jdk.internal.loader.ClassLoaders$AppClassLoader                                 : 274K
Loader jdk.internal.loader.ClassLoaders$PlatformClassLoader                            : 97368B
Loader jdk.internal.reflect.DelegatingClassLoader                                      : 69116B


---------------  S Y S T E M  ---------------

OS:
 Windows 10 , 64 bit Build 19041 (10.0.19041.3636)
OS uptime: 0 days 3:00 hours
Hyper-V role detected

CPU: total 16 (initial active 16) (8 cores per cpu, 2 threads per core) family 6 model 141 stepping 1 microcode 0x34, cx8, cmov, fxsr, ht, mmx, 3dnowpref, sse, sse2, sse3, ssse3, sse4.1, sse4.2, popcnt, lzcnt, tsc, tscinvbit, avx, avx2, aes, erms, clmul, bmi1, bmi2, adx, avx512f, avx512dq, avx512cd, avx512bw, avx512vl, sha, fma, vzeroupper, avx512_vpopcntdq, avx512_vpclmulqdq, avx512_vaes, avx512_vnni, clflush, clflushopt, clwb, avx512_vbmi2, avx512_vbmi, hv
Processor Information for all 16 processors :
  Max Mhz: 2304, Current Mhz: 2304, Mhz Limit: 2304

Memory: 4k page, system-wide physical 16106M (4563M free)
TotalPageFile size 18154M (AvailPageFile size 5M)
current process WorkingSet (physical memory assigned to process): 164M, peak: 178M
current process commit charge ("private bytes"): 392M, peak: 435M

vm_info: OpenJDK 64-Bit Server VM (17.0.9+7-b1087.11) for windows-amd64 JRE (17.0.9+7-b1087.11), built on 2024-01-05 by "builduser" with MS VC++ 16.10 / 16.11 (VS2019)

END.
