#
# There is insufficient memory for the Java Runtime Environment to continue.
# Native memory allocation (mmap) failed to map 268435456 bytes for G1 virtual space
# Possible reasons:
#   The system is out of physical RAM or swap space
#   The process is running with CompressedOops enabled, and the Java Heap may be blocking the growth of the native heap
# Possible solutions:
#   Reduce memory load on the system
#   Increase physical memory or swap space
#   Check if swap backing store is full
#   Decrease Java heap size (-Xmx/-Xms)
#   Decrease number of Java threads
#   Decrease Java thread stack sizes (-Xss)
#   Set larger code cache with -XX:ReservedCodeCacheSize=
#   JVM is running with Unscaled Compressed Oops mode in which the Java heap is
#     placed in the first 4GB address space. The Java Heap base address is the
#     maximum limit for the native heap growth. Please use -XX:HeapBaseMinAddress
#     to set the Java Heap base and to place the Java Heap above 4GB virtual address.
# This output file may be truncated or incomplete.
#
#  Out of Memory Error (os_windows.cpp:3825), pid=4020, tid=22136
#
# JRE version:  (17.0.9+7) (build )
# Java VM: OpenJDK 64-Bit Server VM (17.0.9+7-b1087.11, mixed mode, sharing, tiered, compressed oops, compressed class ptrs, g1 gc, windows-amd64)
# No core dump will be written. Minidumps are not enabled by default on client versions of Windows
#

---------------  S U M M A R Y ------------

Command Line: -Djava.rmi.server.hostname=127.0.0.1 -Duser.timezone=UTC -Xmx2048m -Xms256m -Djdbc.classpath=C:\Program Files\JetBrains\PyCharm 2023.3.3\plugins\DatabaseTools\lib\jdbc-console.jar;C:\Users\TUF GAMING\AppData\Roaming\JetBrains\PyCharm2023.3\jdbc-drivers\MySQL ConnectorJ\8.2.0\com\mysql\mysql-connector-j\8.2.0\mysql-connector-j-8.2.0.jar;C:\Users\TUF GAMING\AppData\Roaming\JetBrains\PyCharm2023.3\jdbc-drivers\MySQL ConnectorJ\8.2.0\com\google\protobuf\protobuf-java\3.21.9\protobuf-java-3.21.9.jar --add-exports=java.desktop/sun.awt=ALL-UNNAMED --add-exports=java.desktop/java.awt.peer=ALL-UNNAMED --add-opens=java.desktop/java.awt=ALL-UNNAMED --add-opens=jdk.unsupported/sun.misc=ALL-UNNAMED --add-opens=java.base/java.nio=ALL-UNNAMED --add-opens=java.base/java.util=ALL-UNNAMED -Dfile.encoding=UTF-8 com.intellij.database.remote.RemoteJdbcServer com.mysql.cj.jdbc.Driver

Host: 11th Gen Intel(R) Core(TM) i7-11800H @ 2.30GHz, 16 cores, 15G,  Windows 10 , 64 bit Build 19041 (10.0.19041.3636)
Time: Mon May 13 16:18:15 2024 Iran Standard Time elapsed time: 0.025099 seconds (0d 0h 0m 0s)

---------------  T H R E A D  ---------------

Current thread (0x0000015ca1ef03c0):  JavaThread "Unknown thread" [_thread_in_vm, id=22136, stack(0x0000000bb5300000,0x0000000bb5400000)]

Stack: [0x0000000bb5300000,0x0000000bb5400000]
Native frames: (J=compiled Java code, j=interpreted, Vv=VM code, C=native code)
V  [jvm.dll+0x688349]
V  [jvm.dll+0x841bfa]
V  [jvm.dll+0x84383e]
V  [jvm.dll+0x843ea3]
V  [jvm.dll+0x24bdef]
V  [jvm.dll+0x6850f9]
V  [jvm.dll+0x67988a]
V  [jvm.dll+0x30cbfb]
V  [jvm.dll+0x3140a6]
V  [jvm.dll+0x363ede]
V  [jvm.dll+0x36410f]
V  [jvm.dll+0x2e29c8]
V  [jvm.dll+0x2e3934]
V  [jvm.dll+0x812771]
V  [jvm.dll+0x371d41]
V  [jvm.dll+0x7f12bc]
V  [jvm.dll+0x3f59cf]
V  [jvm.dll+0x3f7601]
C  [jli.dll+0x528f]
C  [ucrtbase.dll+0x21bb2]
C  [KERNEL32.DLL+0x17344]
C  [ntdll.dll+0x526b1]


---------------  P R O C E S S  ---------------

Threads class SMR info:
_java_thread_list=0x00007ffcfda9df18, length=0, elements={
}

Java Threads: ( => current thread )

Other Threads:
  0x0000015ca1f4d520 GCTaskThread "GC Thread#0" [stack: 0x0000000bb5400000,0x0000000bb5500000] [id=1736]
  0x0000015ca1f5e380 ConcurrentGCThread "G1 Main Marker" [stack: 0x0000000bb5500000,0x0000000bb5600000] [id=10236]
  0x0000015ca1f5f450 ConcurrentGCThread "G1 Conc#0" [stack: 0x0000000bb5600000,0x0000000bb5700000] [id=1768]

[error occurred during error reporting (printing all threads), id 0xc0000005, EXCEPTION_ACCESS_VIOLATION (0xc0000005) at pc=0x00007ffcfd253597]

VM state: not at safepoint (not fully initialized)

VM Mutex/Monitor currently owned by a thread:  ([mutex/lock_event])
[0x0000015ca1eebeb0] Heap_lock - owner thread: 0x0000015ca1ef03c0

Heap address: 0x0000000080000000, size: 2048 MB, Compressed Oops mode: 32-bit

CDS archive(s) mapped at: [0x0000000000000000-0x0000000000000000-0x0000000000000000), size 0, SharedBaseAddress: 0x0000000800000000, ArchiveRelocationMode: 1.
Narrow klass base: 0x0000000000000000, Narrow klass shift: 0, Narrow klass range: 0x0

GC Precious Log:
<Empty>

Heap:
 garbage-first heap   total 0K, used 0K [0x0000000080000000, 0x0000000100000000)
  region size 1024K, 0 young (0K), 0 survivors (0K)
 Metaspace       used 0K, committed 0K, reserved 0K
  class space    used 0K, committed 0K, reserved 0K

Heap Regions: E=young(eden), S=young(survivor), O=old, HS=humongous(starts), HC=humongous(continues), CS=collection set, F=free, OA=open archive, CA=closed archive, TAMS=top-at-mark-start (previous, next)

Card table byte_map: [0x0000015cb7200000,0x0000015cb7600000] _byte_map_base: 0x0000015cb6e00000

Marking Bits (Prev, Next): (CMBitMap*) 0x0000015ca1f4da50, (CMBitMap*) 0x0000015ca1f4da90
 Prev Bits: [0x0000015cb7a00000, 0x0000015cb9a00000)
 Next Bits: [0x0000015cb9a00000, 0x0000015cbba00000)

GC Heap History (0 events):
No events

Dll operation events (1 events):
Event: 0.013 Loaded shared library C:\Program Files\JetBrains\PyCharm 2023.3.3\jbr\bin\java.dll

Deoptimization events (0 events):
No events

Classes unloaded (0 events):
No events

Classes redefined (0 events):
No events

Internal exceptions (0 events):
No events

VM Operations (0 events):
No events

Events (0 events):
No events


Dynamic libraries:
0x00007ff731c00000 - 0x00007ff731c0a000 	C:\Program Files\JetBrains\PyCharm 2023.3.3\jbr\bin\java.exe
0x00007ffd76f90000 - 0x00007ffd77188000 	C:\Windows\SYSTEM32\ntdll.dll
0x00007ffd76d80000 - 0x00007ffd76e3d000 	C:\Windows\System32\KERNEL32.DLL
0x00007ffd747f0000 - 0x00007ffd74ae6000 	C:\Windows\System32\KERNELBASE.dll
0x00007ffd74ee0000 - 0x00007ffd74fe0000 	C:\Windows\System32\ucrtbase.dll
0x00007ffd624c0000 - 0x00007ffd624d7000 	C:\Program Files\JetBrains\PyCharm 2023.3.3\jbr\bin\jli.dll
0x00007ffd76b80000 - 0x00007ffd76d1e000 	C:\Windows\System32\USER32.dll
0x00007ffd74c90000 - 0x00007ffd74cb2000 	C:\Windows\System32\win32u.dll
0x00007ffd75ee0000 - 0x00007ffd75f0c000 	C:\Windows\System32\GDI32.dll
0x00007ffd74d70000 - 0x00007ffd74e8a000 	C:\Windows\System32\gdi32full.dll
0x00007ffd56c50000 - 0x00007ffd56eea000 	C:\Windows\WinSxS\amd64_microsoft.windows.common-controls_6595b64144ccf1df_6.0.19041.3636_none_60b6a03d71f818d5\COMCTL32.dll
0x00007ffd74af0000 - 0x00007ffd74b8d000 	C:\Windows\System32\msvcp_win.dll
0x00007ffd6b370000 - 0x00007ffd6b38b000 	C:\Program Files\JetBrains\PyCharm 2023.3.3\jbr\bin\VCRUNTIME140.dll
0x00007ffd75f10000 - 0x00007ffd75fae000 	C:\Windows\System32\msvcrt.dll
0x00007ffd75af0000 - 0x00007ffd75b20000 	C:\Windows\System32\IMM32.DLL
0x00007ffd68960000 - 0x00007ffd6896c000 	C:\Program Files\JetBrains\PyCharm 2023.3.3\jbr\bin\vcruntime140_1.dll
0x00007ffd46a30000 - 0x00007ffd46abd000 	C:\Program Files\JetBrains\PyCharm 2023.3.3\jbr\bin\msvcp140.dll
0x00007ffcfcf60000 - 0x00007ffcfdbe2000 	C:\Program Files\JetBrains\PyCharm 2023.3.3\jbr\bin\server\jvm.dll
0x00007ffd76030000 - 0x00007ffd760e3000 	C:\Windows\System32\ADVAPI32.dll
0x00007ffd75660000 - 0x00007ffd756ff000 	C:\Windows\System32\sechost.dll
0x00007ffd75780000 - 0x00007ffd758a6000 	C:\Windows\System32\RPCRT4.dll
0x00007ffd747c0000 - 0x00007ffd747e7000 	C:\Windows\System32\bcrypt.dll
0x00007ffd56ef0000 - 0x00007ffd56ef9000 	C:\Windows\SYSTEM32\WSOCK32.dll
0x00007ffd762d0000 - 0x00007ffd7633b000 	C:\Windows\System32\WS2_32.dll
0x00007ffd73b70000 - 0x00007ffd73bbb000 	C:\Windows\SYSTEM32\POWRPROF.dll
0x00007ffd5a090000 - 0x00007ffd5a0b7000 	C:\Windows\SYSTEM32\WINMM.dll
0x00007ffd686e0000 - 0x00007ffd686ea000 	C:\Windows\SYSTEM32\VERSION.dll
0x00007ffd73a30000 - 0x00007ffd73a42000 	C:\Windows\SYSTEM32\UMPDC.dll
0x00007ffd72e60000 - 0x00007ffd72e72000 	C:\Windows\SYSTEM32\kernel.appcore.dll
0x00007ffd6e860000 - 0x00007ffd6e86a000 	C:\Program Files\JetBrains\PyCharm 2023.3.3\jbr\bin\jimage.dll
0x00007ffd72b90000 - 0x00007ffd72d74000 	C:\Windows\SYSTEM32\DBGHELP.DLL
0x00007ffd603c0000 - 0x00007ffd603f4000 	C:\Windows\SYSTEM32\dbgcore.DLL
0x00007ffd74b90000 - 0x00007ffd74c12000 	C:\Windows\System32\bcryptPrimitives.dll
0x00007ffd62240000 - 0x00007ffd62265000 	C:\Program Files\JetBrains\PyCharm 2023.3.3\jbr\bin\java.dll

dbghelp: loaded successfully - version: 4.0.5 - missing functions: none
symbol engine: initialized successfully - sym options: 0x614 - pdb path: .;C:\Program Files\JetBrains\PyCharm 2023.3.3\jbr\bin;C:\Windows\SYSTEM32;C:\Windows\WinSxS\amd64_microsoft.windows.common-controls_6595b64144ccf1df_6.0.19041.3636_none_60b6a03d71f818d5;C:\Program Files\JetBrains\PyCharm 2023.3.3\jbr\bin\server

VM Arguments:
jvm_args: -Djava.rmi.server.hostname=127.0.0.1 -Duser.timezone=UTC -Xmx2048m -Xms256m -Djdbc.classpath=C:\Program Files\JetBrains\PyCharm 2023.3.3\plugins\DatabaseTools\lib\jdbc-console.jar;C:\Users\TUF GAMING\AppData\Roaming\JetBrains\PyCharm2023.3\jdbc-drivers\MySQL ConnectorJ\8.2.0\com\mysql\mysql-connector-j\8.2.0\mysql-connector-j-8.2.0.jar;C:\Users\TUF GAMING\AppData\Roaming\JetBrains\PyCharm2023.3\jdbc-drivers\MySQL ConnectorJ\8.2.0\com\google\protobuf\protobuf-java\3.21.9\protobuf-java-3.21.9.jar --add-exports=java.desktop/sun.awt=ALL-UNNAMED --add-exports=java.desktop/java.awt.peer=ALL-UNNAMED --add-opens=java.desktop/java.awt=ALL-UNNAMED --add-opens=jdk.unsupported/sun.misc=ALL-UNNAMED --add-opens=java.base/java.nio=ALL-UNNAMED --add-opens=java.base/java.util=ALL-UNNAMED -Dfile.encoding=UTF-8 
java_command: com.intellij.database.remote.RemoteJdbcServer com.mysql.cj.jdbc.Driver
java_class_path (initial): C:\Program Files\JetBrains\PyCharm 2023.3.3\lib\util_rt.jar;C:\Program Files\JetBrains\PyCharm 2023.3.3\lib\util-8.jar;C:\Program Files\JetBrains\PyCharm 2023.3.3\lib\groovy.jar;C:\Program Files\JetBrains\PyCharm 2023.3.3\plugins\DatabaseTools\lib\jdbc-console.jar;C:\Program Files\JetBrains\PyCharm 2023.3.3\plugins\grid-core-impl\lib\jdbc-console-types.jar;C:\Program Files\JetBrains\PyCharm 2023.3.3\lib\util.jar
Launcher Type: SUN_STANDARD

[Global flags]
     intx CICompilerCount                          = 12                                        {product} {ergonomic}
     uint ConcGCThreads                            = 3                                         {product} {ergonomic}
     uint G1ConcRefinementThreads                  = 13                                        {product} {ergonomic}
   size_t G1HeapRegionSize                         = 1048576                                   {product} {ergonomic}
    uintx GCDrainStackTargetSize                   = 64                                        {product} {ergonomic}
   size_t InitialHeapSize                          = 268435456                                 {product} {command line}
   size_t MarkStackSize                            = 4194304                                   {product} {ergonomic}
   size_t MaxHeapSize                              = 2147483648                                {product} {command line}
   size_t MinHeapDeltaBytes                        = 1048576                                   {product} {ergonomic}
   size_t MinHeapSize                              = 268435456                                 {product} {command line}
    uintx NonNMethodCodeHeapSize                   = 7602480                                {pd product} {ergonomic}
    uintx NonProfiledCodeHeapSize                  = 122027880                              {pd product} {ergonomic}
    uintx ProfiledCodeHeapSize                     = 122027880                              {pd product} {ergonomic}
    uintx ReservedCodeCacheSize                    = 251658240                              {pd product} {ergonomic}
     bool SegmentedCodeCache                       = true                                      {product} {ergonomic}
   size_t SoftMaxHeapSize                          = 2147483648                             {manageable} {ergonomic}
     bool UseCompressedClassPointers               = true                           {product lp64_product} {ergonomic}
     bool UseCompressedOops                        = true                           {product lp64_product} {ergonomic}
     bool UseG1GC                                  = true                                      {product} {ergonomic}
     bool UseLargePagesIndividualAllocation        = false                                  {pd product} {ergonomic}

Logging:
Log output configuration:
 #0: stdout all=warning uptime,level,tags
 #1: stderr all=off uptime,level,tags

Environment Variables:
JAVA_HOME=C:\Program Files\Java\jdk-17
PATH=C:\Program Files (x86)\VMware\VMware Workstation\bin\;C:\Program Files\Java\jdk-17\bin;C:\Program Files\Common Files\Oracle\Java\javapath;C:\Windows\system32;C:\Windows;C:\Windows\System32\Wbem;C:\Windows\System32\WindowsPowerShell\v1.0\;C:\Windows\System32\OpenSSH\;C:\Program Files (x86)\NVIDIA Corporation\PhysX\Common;C:\Program Files\NVIDIA Corporation\NVIDIA NvDLISR;C:\TDM-GCC-64\bin;C:\Program Files\Git\cmd;;C:\Program Files\Docker\Docker\resources\bin;C:\Users\TUF GAMING\AppData\Local\Programs\Python\Python312\Scripts\;C:\Users\TUF GAMING\AppData\Local\Programs\Python\Python312\;C:\Users\TUF GAMING\AppData\Local\Programs\Python\Launcher\;C:\Program Files\MySQL\MySQL Shell 8.0\bin\;C:\Users\TUF GAMING\AppData\Local\Microsoft\WindowsApps;C:\Users\TUF GAMING\AppData\Local\Programs\Microsoft VS Code\bin;C:\Program Files\JetBrains\IntelliJ IDEA 2022.3.2\bin;C:\Program Files\Java\jdk-17\bin;C:\iverilog\bin;C:\iverilog\gtkwave\bin;C:\iverilog\gtkwave;C:\Program Files\JetBrains\PyCharm 2023.3.3\bin;C:\Users\TUF GAMING\AppData\Local\JetBrains\Toolbox\scripts;;C:\Program Files\JetBrains\DataGrip 2024.1.2\bin;
USERNAME=TUF GAMING
OS=Windows_NT
PROCESSOR_IDENTIFIER=Intel64 Family 6 Model 141 Stepping 1, GenuineIntel
TMP=C:\Users\TUFGAM~1\AppData\Local\Temp
TEMP=C:\Users\TUFGAM~1\AppData\Local\Temp



Periodic native trim disabled

JNI global refs:
JNI global refs: 0, weak refs: 0

JNI global refs memory usage: 0, weak refs: 0

OOME stack traces (most recent first):
Classloader memory used:


---------------  S Y S T E M  ---------------

OS:
 Windows 10 , 64 bit Build 19041 (10.0.19041.3636)
OS uptime: 0 days 22:39 hours
Hyper-V role detected

CPU: total 16 (initial active 16) (8 cores per cpu, 2 threads per core) family 6 model 141 stepping 1 microcode 0x34, cx8, cmov, fxsr, ht, mmx, 3dnowpref, sse, sse2, sse3, ssse3, sse4.1, sse4.2, popcnt, lzcnt, tsc, tscinvbit, avx, avx2, aes, erms, clmul, bmi1, bmi2, adx, avx512f, avx512dq, avx512cd, avx512bw, avx512vl, sha, fma, vzeroupper, avx512_vpopcntdq, avx512_vpclmulqdq, avx512_vaes, avx512_vnni, clflush, clflushopt, clwb, avx512_vbmi2, avx512_vbmi, hv
Processor Information for all 16 processors :
  Max Mhz: 2304, Current Mhz: 2304, Mhz Limit: 2304

Memory: 4k page, system-wide physical 16122M (2620M free)
TotalPageFile size 18118M (AvailPageFile size 127M)
current process WorkingSet (physical memory assigned to process): 10M, peak: 10M
current process commit charge ("private bytes"): 70M, peak: 326M

vm_info: OpenJDK 64-Bit Server VM (17.0.9+7-b1087.11) for windows-amd64 JRE (17.0.9+7-b1087.11), built on 2024-01-05 by "builduser" with MS VC++ 16.10 / 16.11 (VS2019)

END.
